<?xml version="1.0" encoding="UTF-8"?>
<coverage generated="1503447790122" clover="3.2.0">
  <project timestamp="1503447790123" name="All files">
    <metrics statements="661" coveredstatements="425" conditionals="208" coveredconditionals="96" methods="143" coveredmethods="36" elements="1012" coveredelements="557" complexity="0" loc="661" ncloc="661" packages="12" files="31" classes="31">
      <package name="utter">
        <metrics statements="8" coveredstatements="8" conditionals="0" coveredconditionals="0" methods="0" coveredmethods="0"/>
        <file name="webpack.config.js" path="/var/www/html/utter/webpack.config.js">
          <metrics statements="8" coveredstatements="8" conditionals="0" coveredconditionals="0" methods="0" coveredmethods="0"/>
          <line num="1" count="1" type="stmt"/>
          <line num="3" count="1" type="stmt"/>
          <line num="5" count="1" type="stmt"/>
          <line num="6" count="1" type="stmt"/>
          <line num="7" count="1" type="stmt"/>
          <line num="9" count="1" type="stmt"/>
          <line num="86" count="1" type="stmt"/>
          <line num="107" count="1" type="stmt"/>
        </file>
      </package>
      <package name="utter.server.dist">
        <metrics statements="124" coveredstatements="92" conditionals="22" coveredconditionals="14" methods="21" coveredmethods="10"/>
        <file name="lions.js" path="/var/www/html/utter/server/dist/lions.js">
          <metrics statements="38" coveredstatements="35" conditionals="12" coveredconditionals="7" methods="8" coveredmethods="8"/>
          <line num="3" count="1" type="stmt"/>
          <line num="5" count="1" type="stmt"/>
          <line num="7" count="1" type="stmt"/>
          <line num="9" count="1" type="stmt"/>
          <line num="11" count="2" type="cond" truecount="3" falsecount="1"/>
          <line num="13" count="1" type="stmt"/>
          <line num="15" count="1" type="stmt"/>
          <line num="16" count="1" type="stmt"/>
          <line num="19" count="1" type="stmt"/>
          <line num="20" count="1" type="cond" truecount="1" falsecount="1"/>
          <line num="21" count="1" type="stmt"/>
          <line num="22" count="1" type="stmt"/>
          <line num="24" count="1" type="stmt"/>
          <line num="27" count="1" type="stmt"/>
          <line num="28" count="3" type="stmt"/>
          <line num="29" count="3" type="stmt"/>
          <line num="30" count="3" type="cond" truecount="1" falsecount="1"/>
          <line num="31" count="3" type="stmt"/>
          <line num="32" count="3" type="stmt"/>
          <line num="33" count="3" type="stmt"/>
          <line num="35" count="0" type="stmt"/>
          <line num="39" count="1" type="stmt"/>
          <line num="40" count="1" type="stmt"/>
          <line num="42" count="1" type="stmt"/>
          <line num="44" count="1" type="stmt"/>
          <line num="45" count="1" type="stmt"/>
          <line num="48" count="1" type="stmt"/>
          <line num="49" count="1" type="stmt"/>
          <line num="51" count="1" type="stmt"/>
          <line num="53" count="1" type="cond" truecount="1" falsecount="1"/>
          <line num="54" count="0" type="stmt"/>
          <line num="58" count="1" type="cond" truecount="1" falsecount="1"/>
          <line num="59" count="0" type="stmt"/>
          <line num="61" count="1" type="stmt"/>
          <line num="65" count="1" type="stmt"/>
          <line num="66" count="1" type="stmt"/>
          <line num="67" count="1" type="stmt"/>
          <line num="70" count="1" type="stmt"/>
        </file>
        <file name="server.js" path="/var/www/html/utter/server/dist/server.js">
          <metrics statements="55" coveredstatements="44" conditionals="6" coveredconditionals="4" methods="5" coveredmethods="1"/>
          <line num="3" count="1" type="stmt"/>
          <line num="5" count="1" type="stmt"/>
          <line num="7" count="1" type="stmt"/>
          <line num="9" count="1" type="stmt"/>
          <line num="11" count="1" type="stmt"/>
          <line num="13" count="1" type="stmt"/>
          <line num="15" count="1" type="stmt"/>
          <line num="17" count="1" type="stmt"/>
          <line num="19" count="1" type="stmt"/>
          <line num="21" count="1" type="stmt"/>
          <line num="23" count="1" type="stmt"/>
          <line num="25" count="1" type="stmt"/>
          <line num="27" count="1" type="stmt"/>
          <line num="29" count="1" type="stmt"/>
          <line num="31" count="1" type="stmt"/>
          <line num="33" count="1" type="stmt"/>
          <line num="35" count="1" type="stmt"/>
          <line num="37" count="1" type="stmt"/>
          <line num="39" count="1" type="stmt"/>
          <line num="41" count="1" type="stmt"/>
          <line num="43" count="1" type="stmt"/>
          <line num="45" count="1" type="stmt"/>
          <line num="47" count="1" type="stmt"/>
          <line num="49" count="1" type="stmt"/>
          <line num="51" count="1" type="stmt"/>
          <line num="53" count="1" type="stmt"/>
          <line num="55" count="1" type="stmt"/>
          <line num="57" count="1" type="stmt"/>
          <line num="59" count="1" type="stmt"/>
          <line num="61" count="1" type="stmt"/>
          <line num="63" count="15" type="cond" truecount="4" falsecount="0"/>
          <line num="65" count="1" type="stmt"/>
          <line num="70" count="1" type="stmt"/>
          <line num="73" count="1" type="stmt"/>
          <line num="79" count="1" type="stmt"/>
          <line num="80" count="1" type="stmt"/>
          <line num="81" count="1" type="stmt"/>
          <line num="82" count="1" type="stmt"/>
          <line num="83" count="1" type="stmt"/>
          <line num="86" count="1" type="stmt"/>
          <line num="87" count="0" type="stmt"/>
          <line num="88" count="0" type="stmt"/>
          <line num="89" count="0" type="stmt"/>
          <line num="90" count="0" type="stmt"/>
          <line num="93" count="1" type="stmt"/>
          <line num="94" count="0" type="stmt"/>
          <line num="95" count="0" type="stmt"/>
          <line num="96" count="0" type="stmt"/>
          <line num="97" count="0" type="stmt"/>
          <line num="101" count="1" type="stmt"/>
          <line num="102" count="0" type="stmt"/>
          <line num="103" count="0" type="cond" truecount="0" falsecount="2"/>
          <line num="104" count="0" type="stmt"/>
          <line num="115" count="1" type="stmt"/>
          <line num="117" count="1" type="stmt"/>
        </file>
        <file name="tigers.js" path="/var/www/html/utter/server/dist/tigers.js">
          <metrics statements="31" coveredstatements="13" conditionals="4" coveredconditionals="3" methods="8" coveredmethods="1"/>
          <line num="3" count="1" type="stmt"/>
          <line num="5" count="1" type="stmt"/>
          <line num="7" count="1" type="stmt"/>
          <line num="9" count="1" type="stmt"/>
          <line num="11" count="2" type="cond" truecount="3" falsecount="1"/>
          <line num="13" count="1" type="stmt"/>
          <line num="14" count="1" type="stmt"/>
          <line num="15" count="1" type="stmt"/>
          <line num="17" count="1" type="stmt"/>
          <line num="18" count="0" type="stmt"/>
          <line num="19" count="0" type="stmt"/>
          <line num="20" count="0" type="stmt"/>
          <line num="23" count="1" type="stmt"/>
          <line num="24" count="0" type="stmt"/>
          <line num="25" count="0" type="stmt"/>
          <line num="26" count="0" type="stmt"/>
          <line num="27" count="0" type="stmt"/>
          <line num="28" count="0" type="stmt"/>
          <line num="31" count="1" type="stmt"/>
          <line num="32" count="0" type="stmt"/>
          <line num="34" count="0" type="stmt"/>
          <line num="35" count="0" type="stmt"/>
          <line num="36" count="0" type="stmt"/>
          <line num="39" count="1" type="stmt"/>
          <line num="40" count="0" type="stmt"/>
          <line num="42" count="0" type="stmt"/>
          <line num="43" count="0" type="stmt"/>
          <line num="44" count="0" type="stmt"/>
          <line num="46" count="0" type="stmt"/>
          <line num="47" count="0" type="stmt"/>
          <line num="50" count="1" type="stmt"/>
        </file>
      </package>
      <package name="utter.server.dist.api">
        <metrics statements="20" coveredstatements="20" conditionals="4" coveredconditionals="3" methods="1" coveredmethods="1"/>
        <file name="index.js" path="/var/www/html/utter/server/dist/api/index.js">
          <metrics statements="20" coveredstatements="20" conditionals="4" coveredconditionals="3" methods="1" coveredmethods="1"/>
          <line num="3" count="1" type="stmt"/>
          <line num="5" count="1" type="stmt"/>
          <line num="7" count="1" type="stmt"/>
          <line num="9" count="1" type="stmt"/>
          <line num="11" count="1" type="stmt"/>
          <line num="13" count="1" type="stmt"/>
          <line num="15" count="1" type="stmt"/>
          <line num="17" count="1" type="stmt"/>
          <line num="19" count="1" type="stmt"/>
          <line num="21" count="1" type="stmt"/>
          <line num="23" count="1" type="stmt"/>
          <line num="25" count="1" type="stmt"/>
          <line num="27" count="6" type="cond" truecount="3" falsecount="1"/>
          <line num="29" count="1" type="stmt"/>
          <line num="31" count="1" type="stmt"/>
          <line num="32" count="1" type="stmt"/>
          <line num="33" count="1" type="stmt"/>
          <line num="34" count="1" type="stmt"/>
          <line num="35" count="1" type="stmt"/>
          <line num="37" count="1" type="stmt"/>
        </file>
      </package>
      <package name="utter.server.dist.api.comment">
        <metrics statements="66" coveredstatements="41" conditionals="18" coveredconditionals="9" methods="17" coveredmethods="3"/>
        <file name="commentCtrl.js" path="/var/www/html/utter/server/dist/api/comment/commentCtrl.js">
          <metrics statements="41" coveredstatements="16" conditionals="10" coveredconditionals="3" methods="15" coveredmethods="1"/>
          <line num="3" count="1" type="stmt"/>
          <line num="5" count="1" type="stmt"/>
          <line num="7" count="1" type="stmt"/>
          <line num="9" count="1" type="stmt"/>
          <line num="11" count="1" type="stmt"/>
          <line num="13" count="1" type="stmt"/>
          <line num="15" count="1" type="stmt"/>
          <line num="17" count="1" type="stmt"/>
          <line num="19" count="4" type="cond" truecount="3" falsecount="1"/>
          <line num="21" count="1" type="stmt"/>
          <line num="23" count="1" type="stmt"/>
          <line num="24" count="0" type="stmt"/>
          <line num="25" count="0" type="cond" truecount="0" falsecount="2"/>
          <line num="26" count="0" type="stmt"/>
          <line num="28" count="0" type="stmt"/>
          <line num="29" count="0" type="stmt"/>
          <line num="32" count="0" type="stmt"/>
          <line num="36" count="1" type="stmt"/>
          <line num="37" count="0" type="stmt"/>
          <line num="38" count="0" type="stmt"/>
          <line num="40" count="0" type="stmt"/>
          <line num="44" count="1" type="stmt"/>
          <line num="45" count="0" type="stmt"/>
          <line num="46" count="0" type="stmt"/>
          <line num="49" count="1" type="stmt"/>
          <line num="50" count="0" type="stmt"/>
          <line num="51" count="0" type="stmt"/>
          <line num="53" count="0" type="stmt"/>
          <line num="55" count="0" type="stmt"/>
          <line num="56" count="0" type="cond" truecount="0" falsecount="2"/>
          <line num="57" count="0" type="stmt"/>
          <line num="59" count="0" type="stmt"/>
          <line num="63" count="1" type="stmt"/>
          <line num="64" count="0" type="stmt"/>
          <line num="65" count="0" type="stmt"/>
          <line num="67" count="0" type="stmt"/>
          <line num="70" count="1" type="stmt"/>
          <line num="71" count="0" type="stmt"/>
          <line num="72" count="0" type="cond" truecount="0" falsecount="2"/>
          <line num="73" count="0" type="stmt"/>
          <line num="75" count="0" type="stmt"/>
        </file>
        <file name="commentModel.js" path="/var/www/html/utter/server/dist/api/comment/commentModel.js">
          <metrics statements="15" coveredstatements="15" conditionals="4" coveredconditionals="3" methods="1" coveredmethods="1"/>
          <line num="3" count="1" type="stmt"/>
          <line num="5" count="1" type="stmt"/>
          <line num="7" count="1" type="stmt"/>
          <line num="9" count="1" type="stmt"/>
          <line num="11" count="1" type="stmt"/>
          <line num="13" count="1" type="stmt"/>
          <line num="15" count="1" type="stmt"/>
          <line num="17" count="1" type="stmt"/>
          <line num="19" count="1" type="stmt"/>
          <line num="21" count="1" type="stmt"/>
          <line num="23" count="1" type="stmt"/>
          <line num="25" count="1" type="stmt"/>
          <line num="27" count="6" type="cond" truecount="3" falsecount="1"/>
          <line num="29" count="1" type="stmt"/>
          <line num="44" count="1" type="stmt"/>
        </file>
        <file name="commentRoutes.js" path="/var/www/html/utter/server/dist/api/comment/commentRoutes.js">
          <metrics statements="10" coveredstatements="10" conditionals="4" coveredconditionals="3" methods="1" coveredmethods="1"/>
          <line num="3" count="1" type="stmt"/>
          <line num="5" count="1" type="stmt"/>
          <line num="7" count="1" type="stmt"/>
          <line num="9" count="1" type="stmt"/>
          <line num="11" count="1" type="stmt"/>
          <line num="13" count="1" type="stmt"/>
          <line num="15" count="3" type="cond" truecount="3" falsecount="1"/>
          <line num="17" count="1" type="stmt"/>
          <line num="19" count="1" type="stmt"/>
          <line num="21" count="1" type="stmt"/>
        </file>
      </package>
      <package name="utter.server.dist.api.event">
        <metrics statements="68" coveredstatements="45" conditionals="20" coveredconditionals="9" methods="16" coveredmethods="3"/>
        <file name="eventCtrl.js" path="/var/www/html/utter/server/dist/api/event/eventCtrl.js">
          <metrics statements="30" coveredstatements="16" conditionals="8" coveredconditionals="3" methods="10" coveredmethods="1"/>
          <line num="3" count="1" type="stmt"/>
          <line num="5" count="1" type="stmt"/>
          <line num="7" count="1" type="stmt"/>
          <line num="9" count="1" type="stmt"/>
          <line num="11" count="1" type="stmt"/>
          <line num="13" count="1" type="stmt"/>
          <line num="15" count="1" type="stmt"/>
          <line num="17" count="1" type="stmt"/>
          <line num="19" count="4" type="cond" truecount="3" falsecount="1"/>
          <line num="21" count="1" type="stmt"/>
          <line num="23" count="1" type="stmt"/>
          <line num="24" count="0" type="stmt"/>
          <line num="25" count="0" type="cond" truecount="0" falsecount="2"/>
          <line num="26" count="0" type="stmt"/>
          <line num="28" count="0" type="stmt"/>
          <line num="29" count="0" type="stmt"/>
          <line num="32" count="0" type="stmt"/>
          <line num="36" count="1" type="stmt"/>
          <line num="37" count="0" type="stmt"/>
          <line num="40" count="1" type="stmt"/>
          <line num="41" count="0" type="stmt"/>
          <line num="44" count="1" type="stmt"/>
          <line num="45" count="0" type="stmt"/>
          <line num="48" count="1" type="stmt"/>
          <line num="49" count="0" type="stmt"/>
          <line num="61" count="1" type="stmt"/>
          <line num="62" count="0" type="stmt"/>
          <line num="63" count="0" type="cond" truecount="0" falsecount="2"/>
          <line num="64" count="0" type="stmt"/>
          <line num="66" count="0" type="stmt"/>
        </file>
        <file name="eventModel.js" path="/var/www/html/utter/server/dist/api/event/eventModel.js">
          <metrics statements="26" coveredstatements="18" conditionals="8" coveredconditionals="3" methods="4" coveredmethods="1"/>
          <line num="3" count="1" type="stmt"/>
          <line num="5" count="1" type="stmt"/>
          <line num="7" count="1" type="stmt"/>
          <line num="9" count="1" type="stmt"/>
          <line num="11" count="1" type="stmt"/>
          <line num="13" count="1" type="stmt"/>
          <line num="15" count="1" type="stmt"/>
          <line num="17" count="1" type="stmt"/>
          <line num="19" count="1" type="stmt"/>
          <line num="21" count="1" type="stmt"/>
          <line num="23" count="1" type="stmt"/>
          <line num="25" count="1" type="stmt"/>
          <line num="27" count="6" type="cond" truecount="3" falsecount="1"/>
          <line num="29" count="1" type="stmt"/>
          <line num="37" count="1" type="stmt"/>
          <line num="38" count="0" type="cond" truecount="0" falsecount="2"/>
          <line num="39" count="0" type="stmt"/>
          <line num="40" count="0" type="stmt"/>
          <line num="43" count="1" type="stmt"/>
          <line num="46" count="0" type="stmt"/>
          <line num="51" count="0" type="cond" truecount="0" falsecount="2"/>
          <line num="52" count="0" type="stmt"/>
          <line num="54" count="0" type="stmt"/>
          <line num="55" count="0" type="stmt"/>
          <line num="60" count="1" type="stmt"/>
          <line num="62" count="1" type="stmt"/>
        </file>
        <file name="eventRoutes.js" path="/var/www/html/utter/server/dist/api/event/eventRoutes.js">
          <metrics statements="12" coveredstatements="11" conditionals="4" coveredconditionals="3" methods="2" coveredmethods="1"/>
          <line num="3" count="1" type="stmt"/>
          <line num="5" count="1" type="stmt"/>
          <line num="7" count="1" type="stmt"/>
          <line num="9" count="1" type="stmt"/>
          <line num="11" count="1" type="stmt"/>
          <line num="13" count="1" type="stmt"/>
          <line num="15" count="1" type="stmt"/>
          <line num="17" count="3" type="cond" truecount="3" falsecount="1"/>
          <line num="19" count="1" type="stmt"/>
          <line num="24" count="1" type="stmt"/>
          <line num="25" count="0" type="stmt"/>
          <line num="30" count="1" type="stmt"/>
        </file>
      </package>
      <package name="utter.server.dist.api.language">
        <metrics statements="52" coveredstatements="26" conditionals="18" coveredconditionals="9" methods="17" coveredmethods="3"/>
        <file name="languageCtrl.js" path="/var/www/html/utter/server/dist/api/language/languageCtrl.js">
          <metrics statements="37" coveredstatements="11" conditionals="10" coveredconditionals="3" methods="15" coveredmethods="1"/>
          <line num="3" count="1" type="stmt"/>
          <line num="5" count="1" type="stmt"/>
          <line num="7" count="1" type="stmt"/>
          <line num="9" count="1" type="stmt"/>
          <line num="11" count="2" type="cond" truecount="3" falsecount="1"/>
          <line num="13" count="1" type="stmt"/>
          <line num="14" count="0" type="stmt"/>
          <line num="15" count="0" type="cond" truecount="0" falsecount="2"/>
          <line num="16" count="0" type="stmt"/>
          <line num="18" count="0" type="stmt"/>
          <line num="19" count="0" type="stmt"/>
          <line num="22" count="0" type="stmt"/>
          <line num="26" count="1" type="stmt"/>
          <line num="27" count="0" type="stmt"/>
          <line num="29" count="0" type="stmt"/>
          <line num="30" count="0" type="stmt"/>
          <line num="32" count="0" type="stmt"/>
          <line num="36" count="1" type="stmt"/>
          <line num="40" count="0" type="stmt"/>
          <line num="41" count="0" type="stmt"/>
          <line num="43" count="0" type="stmt"/>
          <line num="47" count="1" type="stmt"/>
          <line num="48" count="0" type="stmt"/>
          <line num="49" count="0" type="stmt"/>
          <line num="52" count="1" type="stmt"/>
          <line num="53" count="0" type="stmt"/>
          <line num="54" count="0" type="stmt"/>
          <line num="56" count="0" type="stmt"/>
          <line num="58" count="0" type="stmt"/>
          <line num="59" count="0" type="cond" truecount="0" falsecount="2"/>
          <line num="60" count="0" type="stmt"/>
          <line num="62" count="0" type="stmt"/>
          <line num="67" count="1" type="stmt"/>
          <line num="68" count="0" type="stmt"/>
          <line num="69" count="0" type="cond" truecount="0" falsecount="2"/>
          <line num="70" count="0" type="stmt"/>
          <line num="72" count="0" type="stmt"/>
        </file>
        <file name="languageModel.js" path="/var/www/html/utter/server/dist/api/language/languageModel.js">
          <metrics statements="5" coveredstatements="5" conditionals="4" coveredconditionals="3" methods="1" coveredmethods="1"/>
          <line num="3" count="1" type="stmt"/>
          <line num="5" count="1" type="stmt"/>
          <line num="7" count="1" type="cond" truecount="3" falsecount="1"/>
          <line num="9" count="1" type="stmt"/>
          <line num="24" count="1" type="stmt"/>
        </file>
        <file name="languageRoutes.js" path="/var/www/html/utter/server/dist/api/language/languageRoutes.js">
          <metrics statements="10" coveredstatements="10" conditionals="4" coveredconditionals="3" methods="1" coveredmethods="1"/>
          <line num="3" count="1" type="stmt"/>
          <line num="5" count="1" type="stmt"/>
          <line num="7" count="1" type="stmt"/>
          <line num="9" count="1" type="stmt"/>
          <line num="11" count="1" type="stmt"/>
          <line num="13" count="1" type="stmt"/>
          <line num="15" count="3" type="cond" truecount="3" falsecount="1"/>
          <line num="17" count="1" type="stmt"/>
          <line num="20" count="1" type="stmt"/>
          <line num="22" count="1" type="stmt"/>
        </file>
      </package>
      <package name="utter.server.dist.api.user">
        <metrics statements="82" coveredstatements="44" conditionals="24" coveredconditionals="9" methods="20" coveredmethods="3"/>
        <file name="userCtrl.js" path="/var/www/html/utter/server/dist/api/user/userCtrl.js">
          <metrics statements="46" coveredstatements="16" conditionals="12" coveredconditionals="3" methods="15" coveredmethods="1"/>
          <line num="3" count="1" type="stmt"/>
          <line num="5" count="1" type="stmt"/>
          <line num="7" count="1" type="stmt"/>
          <line num="9" count="1" type="stmt"/>
          <line num="11" count="1" type="stmt"/>
          <line num="13" count="1" type="stmt"/>
          <line num="15" count="1" type="stmt"/>
          <line num="17" count="1" type="stmt"/>
          <line num="19" count="4" type="cond" truecount="3" falsecount="1"/>
          <line num="21" count="1" type="stmt"/>
          <line num="23" count="1" type="stmt"/>
          <line num="24" count="0" type="stmt"/>
          <line num="25" count="0" type="cond" truecount="0" falsecount="2"/>
          <line num="26" count="0" type="stmt"/>
          <line num="28" count="0" type="stmt"/>
          <line num="29" count="0" type="stmt"/>
          <line num="32" count="0" type="stmt"/>
          <line num="36" count="1" type="stmt"/>
          <line num="37" count="0" type="stmt"/>
          <line num="38" count="0" type="stmt"/>
          <line num="39" count="0" type="stmt"/>
          <line num="42" count="0" type="stmt"/>
          <line num="46" count="1" type="stmt"/>
          <line num="47" count="0" type="stmt"/>
          <line num="48" count="0" type="stmt"/>
          <line num="51" count="1" type="stmt"/>
          <line num="52" count="0" type="stmt"/>
          <line num="53" count="0" type="stmt"/>
          <line num="55" count="0" type="stmt"/>
          <line num="57" count="0" type="stmt"/>
          <line num="58" count="0" type="cond" truecount="0" falsecount="2"/>
          <line num="59" count="0" type="stmt"/>
          <line num="61" count="0" type="stmt"/>
          <line num="66" count="1" type="stmt"/>
          <line num="67" count="0" type="stmt"/>
          <line num="69" count="0" type="stmt"/>
          <line num="71" count="0" type="stmt"/>
          <line num="72" count="0" type="cond" truecount="0" falsecount="2"/>
          <line num="73" count="0" type="stmt"/>
          <line num="76" count="0" type="stmt"/>
          <line num="77" count="0" type="stmt"/>
          <line num="81" count="1" type="stmt"/>
          <line num="82" count="0" type="stmt"/>
          <line num="83" count="0" type="cond" truecount="0" falsecount="2"/>
          <line num="84" count="0" type="stmt"/>
          <line num="86" count="0" type="stmt"/>
        </file>
        <file name="userModel.js" path="/var/www/html/utter/server/dist/api/user/userModel.js">
          <metrics statements="26" coveredstatements="18" conditionals="8" coveredconditionals="3" methods="4" coveredmethods="1"/>
          <line num="3" count="1" type="stmt"/>
          <line num="5" count="1" type="stmt"/>
          <line num="7" count="1" type="stmt"/>
          <line num="9" count="1" type="stmt"/>
          <line num="11" count="1" type="stmt"/>
          <line num="13" count="1" type="stmt"/>
          <line num="15" count="1" type="stmt"/>
          <line num="17" count="1" type="stmt"/>
          <line num="19" count="1" type="stmt"/>
          <line num="21" count="1" type="stmt"/>
          <line num="23" count="1" type="stmt"/>
          <line num="25" count="1" type="stmt"/>
          <line num="27" count="6" type="cond" truecount="3" falsecount="1"/>
          <line num="29" count="1" type="stmt"/>
          <line num="61" count="1" type="stmt"/>
          <line num="62" count="0" type="cond" truecount="0" falsecount="2"/>
          <line num="63" count="0" type="stmt"/>
          <line num="64" count="0" type="stmt"/>
          <line num="67" count="1" type="stmt"/>
          <line num="70" count="0" type="stmt"/>
          <line num="75" count="0" type="cond" truecount="0" falsecount="2"/>
          <line num="76" count="0" type="stmt"/>
          <line num="78" count="0" type="stmt"/>
          <line num="79" count="0" type="stmt"/>
          <line num="110" count="1" type="stmt"/>
          <line num="112" count="1" type="stmt"/>
        </file>
        <file name="userRoutes.js" path="/var/www/html/utter/server/dist/api/user/userRoutes.js">
          <metrics statements="10" coveredstatements="10" conditionals="4" coveredconditionals="3" methods="1" coveredmethods="1"/>
          <line num="3" count="1" type="stmt"/>
          <line num="5" count="1" type="stmt"/>
          <line num="7" count="1" type="stmt"/>
          <line num="9" count="1" type="stmt"/>
          <line num="11" count="1" type="stmt"/>
          <line num="13" count="1" type="stmt"/>
          <line num="15" count="3" type="cond" truecount="3" falsecount="1"/>
          <line num="17" count="1" type="stmt"/>
          <line num="20" count="1" type="stmt"/>
          <line num="22" count="1" type="stmt"/>
        </file>
      </package>
      <package name="utter.server.dist.api.zone">
        <metrics statements="74" coveredstatements="41" conditionals="20" coveredconditionals="9" methods="18" coveredmethods="3"/>
        <file name="zoneCtrl.js" path="/var/www/html/utter/server/dist/api/zone/zoneCtrl.js">
          <metrics statements="49" coveredstatements="16" conditionals="12" coveredconditionals="3" methods="16" coveredmethods="1"/>
          <line num="3" count="1" type="stmt"/>
          <line num="5" count="1" type="stmt"/>
          <line num="7" count="1" type="stmt"/>
          <line num="9" count="1" type="stmt"/>
          <line num="11" count="1" type="stmt"/>
          <line num="13" count="1" type="stmt"/>
          <line num="15" count="1" type="stmt"/>
          <line num="17" count="1" type="stmt"/>
          <line num="19" count="4" type="cond" truecount="3" falsecount="1"/>
          <line num="21" count="1" type="stmt"/>
          <line num="23" count="1" type="stmt"/>
          <line num="24" count="0" type="stmt"/>
          <line num="25" count="0" type="cond" truecount="0" falsecount="2"/>
          <line num="26" count="0" type="stmt"/>
          <line num="28" count="0" type="stmt"/>
          <line num="29" count="0" type="stmt"/>
          <line num="32" count="0" type="stmt"/>
          <line num="36" count="1" type="stmt"/>
          <line num="37" count="0" type="stmt"/>
          <line num="38" count="0" type="stmt"/>
          <line num="40" count="0" type="stmt"/>
          <line num="44" count="1" type="stmt"/>
          <line num="45" count="0" type="stmt"/>
          <line num="46" count="0" type="stmt"/>
          <line num="49" count="1" type="stmt"/>
          <line num="50" count="0" type="stmt"/>
          <line num="51" count="0" type="stmt"/>
          <line num="53" count="0" type="stmt"/>
          <line num="55" count="0" type="stmt"/>
          <line num="56" count="0" type="cond" truecount="0" falsecount="2"/>
          <line num="57" count="0" type="stmt"/>
          <line num="60" count="0" type="stmt"/>
          <line num="64" count="1" type="stmt"/>
          <line num="65" count="0" type="cond" truecount="0" falsecount="2"/>
          <line num="66" count="0" type="stmt"/>
          <line num="68" count="0" type="stmt"/>
          <line num="69" count="0" type="stmt"/>
          <line num="70" count="0" type="stmt"/>
          <line num="71" count="0" type="stmt"/>
          <line num="72" count="0" type="stmt"/>
          <line num="75" count="0" type="stmt"/>
          <line num="77" count="0" type="stmt"/>
          <line num="78" count="0" type="stmt"/>
          <line num="80" count="0" type="stmt"/>
          <line num="83" count="1" type="stmt"/>
          <line num="84" count="0" type="stmt"/>
          <line num="85" count="0" type="cond" truecount="0" falsecount="2"/>
          <line num="86" count="0" type="stmt"/>
          <line num="88" count="0" type="stmt"/>
        </file>
        <file name="zoneModel.js" path="/var/www/html/utter/server/dist/api/zone/zoneModel.js">
          <metrics statements="15" coveredstatements="15" conditionals="4" coveredconditionals="3" methods="1" coveredmethods="1"/>
          <line num="3" count="1" type="stmt"/>
          <line num="5" count="1" type="stmt"/>
          <line num="7" count="1" type="stmt"/>
          <line num="9" count="1" type="stmt"/>
          <line num="11" count="1" type="stmt"/>
          <line num="13" count="1" type="stmt"/>
          <line num="15" count="1" type="stmt"/>
          <line num="17" count="1" type="stmt"/>
          <line num="19" count="1" type="stmt"/>
          <line num="21" count="1" type="stmt"/>
          <line num="23" count="1" type="stmt"/>
          <line num="25" count="1" type="stmt"/>
          <line num="27" count="6" type="cond" truecount="3" falsecount="1"/>
          <line num="29" count="1" type="stmt"/>
          <line num="48" count="1" type="stmt"/>
        </file>
        <file name="zoneRoutes.js" path="/var/www/html/utter/server/dist/api/zone/zoneRoutes.js">
          <metrics statements="10" coveredstatements="10" conditionals="4" coveredconditionals="3" methods="1" coveredmethods="1"/>
          <line num="3" count="1" type="stmt"/>
          <line num="5" count="1" type="stmt"/>
          <line num="7" count="1" type="stmt"/>
          <line num="9" count="1" type="stmt"/>
          <line num="11" count="1" type="stmt"/>
          <line num="13" count="1" type="stmt"/>
          <line num="15" count="3" type="cond" truecount="3" falsecount="1"/>
          <line num="17" count="1" type="stmt"/>
          <line num="19" count="1" type="stmt"/>
          <line num="28" count="1" type="stmt"/>
        </file>
      </package>
      <package name="utter.server.dist.auth">
        <metrics statements="77" coveredstatements="40" conditionals="34" coveredconditionals="9" methods="17" coveredmethods="4"/>
        <file name="auth.js" path="/var/www/html/utter/server/dist/auth/auth.js">
          <metrics statements="51" coveredstatements="16" conditionals="26" coveredconditionals="3" methods="14" coveredmethods="2"/>
          <line num="3" count="1" type="stmt"/>
          <line num="5" count="1" type="stmt"/>
          <line num="7" count="1" type="stmt"/>
          <line num="9" count="1" type="stmt"/>
          <line num="11" count="1" type="stmt"/>
          <line num="13" count="1" type="stmt"/>
          <line num="15" count="1" type="stmt"/>
          <line num="17" count="1" type="stmt"/>
          <line num="19" count="4" type="cond" truecount="3" falsecount="1"/>
          <line num="21" count="1" type="stmt"/>
          <line num="23" count="1" type="stmt"/>
          <line num="24" count="0" type="stmt"/>
          <line num="28" count="0" type="cond" truecount="0" falsecount="4"/>
          <line num="29" count="0" type="stmt"/>
          <line num="33" count="0" type="stmt"/>
          <line num="37" count="1" type="stmt"/>
          <line num="38" count="0" type="stmt"/>
          <line num="44" count="1" type="stmt"/>
          <line num="45" count="1" type="stmt"/>
          <line num="46" count="0" type="stmt"/>
          <line num="47" count="0" type="stmt"/>
          <line num="48" count="0" type="stmt"/>
          <line num="50" count="0" type="cond" truecount="0" falsecount="2"/>
          <line num="52" count="0" type="cond" truecount="0" falsecount="4"/>
          <line num="53" count="0" type="stmt"/>
          <line num="56" count="0" type="stmt"/>
          <line num="57" count="0" type="cond" truecount="0" falsecount="2"/>
          <line num="58" count="0" type="stmt"/>
          <line num="61" count="0" type="cond" truecount="0" falsecount="2"/>
          <line num="62" count="0" type="stmt"/>
          <line num="66" count="0" type="stmt"/>
          <line num="67" count="0" type="stmt"/>
          <line num="71" count="0" type="stmt"/>
          <line num="77" count="1" type="stmt"/>
          <line num="78" count="0" type="stmt"/>
          <line num="79" count="0" type="stmt"/>
          <line num="80" count="0" type="cond" truecount="0" falsecount="2"/>
          <line num="81" count="0" type="stmt"/>
          <line num="84" count="0" type="cond" truecount="0" falsecount="2"/>
          <line num="85" count="0" type="stmt"/>
          <line num="86" count="0" type="cond" truecount="0" falsecount="2"/>
          <line num="87" count="0" type="stmt"/>
          <line num="91" count="0" type="stmt"/>
          <line num="92" count="0" type="cond" truecount="0" falsecount="2"/>
          <line num="93" count="0" type="stmt"/>
          <line num="95" count="0" type="stmt"/>
          <line num="96" count="0" type="stmt"/>
          <line num="98" count="0" type="stmt"/>
          <line num="103" count="0" type="stmt"/>
          <line num="110" count="1" type="stmt"/>
          <line num="111" count="0" type="stmt"/>
        </file>
        <file name="controller.js" path="/var/www/html/utter/server/dist/auth/controller.js">
          <metrics statements="9" coveredstatements="7" conditionals="4" coveredconditionals="3" methods="2" coveredmethods="1"/>
          <line num="3" count="1" type="stmt"/>
          <line num="5" count="1" type="stmt"/>
          <line num="7" count="1" type="stmt"/>
          <line num="9" count="1" type="stmt"/>
          <line num="11" count="2" type="cond" truecount="3" falsecount="1"/>
          <line num="13" count="1" type="stmt"/>
          <line num="15" count="1" type="stmt"/>
          <line num="18" count="0" type="stmt"/>
          <line num="19" count="0" type="stmt"/>
        </file>
        <file name="routes.js" path="/var/www/html/utter/server/dist/auth/routes.js">
          <metrics statements="17" coveredstatements="17" conditionals="4" coveredconditionals="3" methods="1" coveredmethods="1"/>
          <line num="3" count="1" type="stmt"/>
          <line num="5" count="1" type="stmt"/>
          <line num="7" count="1" type="stmt"/>
          <line num="9" count="1" type="stmt"/>
          <line num="11" count="1" type="stmt"/>
          <line num="13" count="1" type="stmt"/>
          <line num="15" count="1" type="stmt"/>
          <line num="17" count="1" type="stmt"/>
          <line num="19" count="1" type="stmt"/>
          <line num="21" count="1" type="stmt"/>
          <line num="23" count="5" type="cond" truecount="3" falsecount="1"/>
          <line num="25" count="1" type="stmt"/>
          <line num="26" count="1" type="stmt"/>
          <line num="27" count="1" type="stmt"/>
          <line num="30" count="1" type="stmt"/>
          <line num="33" count="1" type="stmt"/>
          <line num="63" count="1" type="stmt"/>
        </file>
      </package>
      <package name="utter.server.dist.config">
        <metrics statements="16" coveredstatements="15" conditionals="14" coveredconditionals="12" methods="1" coveredmethods="1"/>
        <file name="config.js" path="/var/www/html/utter/server/dist/config/config.js">
          <metrics statements="13" coveredstatements="12" conditionals="14" coveredconditionals="12" methods="1" coveredmethods="1"/>
          <line num="3" count="1" type="stmt"/>
          <line num="5" count="1" type="stmt"/>
          <line num="7" count="1" type="stmt"/>
          <line num="9" count="1" type="stmt"/>
          <line num="11" count="2" type="cond" truecount="4" falsecount="0"/>
          <line num="14" count="1" type="stmt"/>
          <line num="25" count="1" type="cond" truecount="2" falsecount="0"/>
          <line num="28" count="1" type="stmt"/>
          <line num="32" count="1" type="stmt"/>
          <line num="33" count="1" type="stmt"/>
          <line num="34" count="1" type="cond" truecount="1" falsecount="1"/>
          <line num="36" count="0" type="stmt"/>
          <line num="40" count="1" type="cond" truecount="1" falsecount="1"/>
        </file>
        <file name="development.js" path="/var/www/html/utter/server/dist/config/development.js">
          <metrics statements="1" coveredstatements="1" conditionals="0" coveredconditionals="0" methods="0" coveredmethods="0"/>
          <line num="3" count="1" type="stmt"/>
        </file>
        <file name="pwd.js" path="/var/www/html/utter/server/dist/config/pwd.js">
          <metrics statements="2" coveredstatements="2" conditionals="0" coveredconditionals="0" methods="0" coveredmethods="0"/>
          <line num="3" count="1" type="stmt"/>
          <line num="6" count="1" type="stmt"/>
        </file>
      </package>
      <package name="utter.server.dist.middleware">
        <metrics statements="32" coveredstatements="30" conditionals="4" coveredconditionals="3" methods="3" coveredmethods="2"/>
        <file name="appMiddleware.js" path="/var/www/html/utter/server/dist/middleware/appMiddleware.js">
          <metrics statements="29" coveredstatements="29" conditionals="4" coveredconditionals="3" methods="2" coveredmethods="2"/>
          <line num="3" count="1" type="stmt"/>
          <line num="5" count="1" type="stmt"/>
          <line num="7" count="1" type="stmt"/>
          <line num="9" count="1" type="stmt"/>
          <line num="11" count="1" type="stmt"/>
          <line num="13" count="1" type="stmt"/>
          <line num="15" count="1" type="stmt"/>
          <line num="17" count="1" type="stmt"/>
          <line num="19" count="1" type="stmt"/>
          <line num="21" count="1" type="stmt"/>
          <line num="23" count="1" type="stmt"/>
          <line num="25" count="1" type="stmt"/>
          <line num="27" count="1" type="stmt"/>
          <line num="29" count="1" type="stmt"/>
          <line num="31" count="1" type="stmt"/>
          <line num="33" count="1" type="stmt"/>
          <line num="35" count="1" type="stmt"/>
          <line num="37" count="1" type="stmt"/>
          <line num="39" count="1" type="stmt"/>
          <line num="41" count="1" type="stmt"/>
          <line num="43" count="10" type="cond" truecount="3" falsecount="1"/>
          <line num="46" count="1" type="stmt"/>
          <line num="48" count="1" type="stmt"/>
          <line num="49" count="1" type="stmt"/>
          <line num="50" count="1" type="stmt"/>
          <line num="51" count="1" type="stmt"/>
          <line num="52" count="1" type="stmt"/>
          <line num="53" count="1" type="stmt"/>
          <line num="65" count="1" type="stmt"/>
        </file>
        <file name="error.js" path="/var/www/html/utter/server/dist/middleware/error.js">
          <metrics statements="3" coveredstatements="1" conditionals="0" coveredconditionals="0" methods="1" coveredmethods="0"/>
          <line num="3" count="1" type="stmt"/>
          <line num="4" count="0" type="stmt"/>
          <line num="5" count="0" type="stmt"/>
        </file>
      </package>
      <package name="utter.server.dist.util">
        <metrics statements="42" coveredstatements="23" conditionals="30" coveredconditionals="10" methods="12" coveredmethods="3"/>
        <file name="createRoutes.js" path="/var/www/html/utter/server/dist/util/createRoutes.js">
          <metrics statements="4" coveredstatements="4" conditionals="0" coveredconditionals="0" methods="1" coveredmethods="1"/>
          <line num="3" count="1" type="stmt"/>
          <line num="4" count="4" type="stmt"/>
          <line num="6" count="4" type="stmt"/>
          <line num="8" count="4" type="stmt"/>
        </file>
        <file name="logger.js" path="/var/www/html/utter/server/dist/util/logger.js">
          <metrics statements="24" coveredstatements="11" conditionals="24" coveredconditionals="7" methods="8" coveredmethods="1"/>
          <line num="3" count="1" type="cond" truecount="3" falsecount="7"/>
          <line num="5" count="1" type="stmt"/>
          <line num="7" count="1" type="stmt"/>
          <line num="9" count="1" type="stmt"/>
          <line num="11" count="1" type="stmt"/>
          <line num="13" count="1" type="stmt"/>
          <line num="15" count="2" type="cond" truecount="3" falsecount="1"/>
          <line num="18" count="1" type="stmt"/>
          <line num="21" count="1" type="cond" truecount="1" falsecount="1"/>
          <line num="41" count="1" type="stmt"/>
          <line num="43" count="0" type="stmt"/>
          <line num="46" count="0" type="stmt"/>
          <line num="47" count="0" type="cond" truecount="0" falsecount="4"/>
          <line num="50" count="0" type="stmt"/>
          <line num="51" count="0" type="stmt"/>
          <line num="53" count="0" type="stmt"/>
          <line num="60" count="0" type="stmt"/>
          <line num="63" count="0" type="stmt"/>
          <line num="64" count="0" type="cond" truecount="0" falsecount="2"/>
          <line num="65" count="0" type="cond" truecount="0" falsecount="2"/>
          <line num="66" count="0" type="stmt"/>
          <line num="67" count="0" type="stmt"/>
          <line num="70" count="0" type="stmt"/>
          <line num="74" count="1" type="stmt"/>
        </file>
        <file name="mail.js" path="/var/www/html/utter/server/dist/util/mail.js">
          <metrics statements="14" coveredstatements="8" conditionals="6" coveredconditionals="3" methods="3" coveredmethods="1"/>
          <line num="3" count="1" type="stmt"/>
          <line num="5" count="1" type="stmt"/>
          <line num="7" count="1" type="stmt"/>
          <line num="9" count="1" type="stmt"/>
          <line num="11" count="2" type="cond" truecount="3" falsecount="1"/>
          <line num="13" count="1" type="stmt"/>
          <line num="15" count="1" type="stmt"/>
          <line num="16" count="0" type="stmt"/>
          <line num="24" count="0" type="stmt"/>
          <line num="31" count="0" type="stmt"/>
          <line num="32" count="0" type="cond" truecount="0" falsecount="2"/>
          <line num="33" count="0" type="stmt"/>
          <line num="35" count="0" type="stmt"/>
          <line num="40" count="1" type="stmt"/>
        </file>
      </package>
    </metrics>
  </project>
</coverage>
