{"/var/www/html/utter/webpack.config.js": {"path":"/var/www/html/utter/webpack.config.js","statementMap":{"0":{"start":{"line":1,"column":13},"end":{"line":1,"column":28}},"1":{"start":{"line":3,"column":26},"end":{"line":3,"column":56}},"2":{"start":{"line":5,"column":16},"end":{"line":5,"column":34}},"3":{"start":{"line":6,"column":22},"end":{"line":6,"column":55}},"4":{"start":{"line":7,"column":26},"end":{"line":7,"column":63}},"5":{"start":{"line":9,"column":15},"end":{"line":73,"column":1}},"6":{"start":{"line":86,"column":15},"end":{"line":105,"column":1}},"7":{"start":{"line":107,"column":0},"end":{"line":107,"column":50}}},"fnMap":{},"branchMap":{},"s":{"0":1,"1":1,"2":1,"3":1,"4":1,"5":1,"6":1,"7":1},"f":{},"b":{},"_coverageSchema":"332fd63041d2c1bcb487cc26dd0d5f7d97098a6c","hash":"5a431e459459354af8ff54a63a73447f66a9d1c3"}
,"/var/www/html/utter/server/dist/lions.js": {"path":"/var/www/html/utter/server/dist/lions.js","statementMap":{"0":{"start":{"line":3,"column":15},"end":{"line":3,"column":33}},"1":{"start":{"line":5,"column":16},"end":{"line":5,"column":48}},"2":{"start":{"line":7,"column":14},"end":{"line":7,"column":31}},"3":{"start":{"line":9,"column":15},"end":{"line":9,"column":46}},"4":{"start":{"line":11,"column":39},"end":{"line":11,"column":93}},"5":{"start":{"line":13,"column":17},"end":{"line":13,"column":43}},"6":{"start":{"line":15,"column":12},"end":{"line":15,"column":14}},"7":{"start":{"line":16,"column":9},"end":{"line":16,"column":10}},"8":{"start":{"line":19,"column":15},"end":{"line":25,"column":1}},"9":{"start":{"line":20,"column":2},"end":{"line":23,"column":3}},"10":{"start":{"line":21,"column":4},"end":{"line":21,"column":9}},"11":{"start":{"line":22,"column":4},"end":{"line":22,"column":26}},"12":{"start":{"line":24,"column":2},"end":{"line":24,"column":9}},"13":{"start":{"line":27,"column":0},"end":{"line":37,"column":3}},"14":{"start":{"line":28,"column":13},"end":{"line":28,"column":53}},"15":{"start":{"line":29,"column":14},"end":{"line":29,"column":59}},"16":{"start":{"line":30,"column":2},"end":{"line":36,"column":3}},"17":{"start":{"line":31,"column":4},"end":{"line":31,"column":20}},"18":{"start":{"line":32,"column":4},"end":{"line":32,"column":22}},"19":{"start":{"line":33,"column":4},"end":{"line":33,"column":11}},"20":{"start":{"line":35,"column":4},"end":{"line":35,"column":48}},"21":{"start":{"line":39,"column":0},"end":{"line":46,"column":3}},"22":{"start":{"line":40,"column":2},"end":{"line":40,"column":18}},"23":{"start":{"line":42,"column":13},"end":{"line":42,"column":21}},"24":{"start":{"line":44,"column":2},"end":{"line":44,"column":19}},"25":{"start":{"line":45,"column":2},"end":{"line":45,"column":18}},"26":{"start":{"line":48,"column":0},"end":{"line":63,"column":3}},"27":{"start":{"line":49,"column":2},"end":{"line":49,"column":21}},"28":{"start":{"line":51,"column":15},"end":{"line":51,"column":23}},"29":{"start":{"line":53,"column":2},"end":{"line":55,"column":3}},"30":{"start":{"line":54,"column":4},"end":{"line":54,"column":21}},"31":{"start":{"line":58,"column":2},"end":{"line":62,"column":3}},"32":{"start":{"line":59,"column":4},"end":{"line":59,"column":36}},"33":{"start":{"line":61,"column":4},"end":{"line":61,"column":54}},"34":{"start":{"line":65,"column":0},"end":{"line":68,"column":3}},"35":{"start":{"line":66,"column":2},"end":{"line":66,"column":26}},"36":{"start":{"line":67,"column":2},"end":{"line":67,"column":22}},"37":{"start":{"line":70,"column":0},"end":{"line":70,"column":28}}},"fnMap":{"0":{"name":"_interopRequireDefault","decl":{"start":{"line":11,"column":9},"end":{"line":11,"column":31}},"loc":{"start":{"line":11,"column":37},"end":{"line":11,"column":95}},"line":11},"1":{"name":"updateID","decl":{"start":{"line":19,"column":24},"end":{"line":19,"column":32}},"loc":{"start":{"line":19,"column":49},"end":{"line":25,"column":1}},"line":19},"2":{"name":"(anonymous_2)","decl":{"start":{"line":27,"column":23},"end":{"line":27,"column":24}},"loc":{"start":{"line":27,"column":53},"end":{"line":37,"column":1}},"line":27},"3":{"name":"(anonymous_3)","decl":{"start":{"line":39,"column":26},"end":{"line":39,"column":27}},"loc":{"start":{"line":39,"column":46},"end":{"line":41,"column":1}},"line":39},"4":{"name":"(anonymous_4)","decl":{"start":{"line":41,"column":18},"end":{"line":41,"column":19}},"loc":{"start":{"line":41,"column":38},"end":{"line":46,"column":1}},"line":41},"5":{"name":"(anonymous_5)","decl":{"start":{"line":48,"column":29},"end":{"line":48,"column":30}},"loc":{"start":{"line":48,"column":49},"end":{"line":50,"column":1}},"line":48},"6":{"name":"(anonymous_6)","decl":{"start":{"line":50,"column":7},"end":{"line":50,"column":8}},"loc":{"start":{"line":50,"column":27},"end":{"line":63,"column":1}},"line":50},"7":{"name":"(anonymous_7)","decl":{"start":{"line":65,"column":26},"end":{"line":65,"column":27}},"loc":{"start":{"line":65,"column":46},"end":{"line":68,"column":1}},"line":65}},"branchMap":{"0":{"loc":{"start":{"line":11,"column":46},"end":{"line":11,"column":92}},"type":"cond-expr","locations":[{"start":{"line":11,"column":70},"end":{"line":11,"column":73}},{"start":{"line":11,"column":76},"end":{"line":11,"column":92}}],"line":11},"1":{"loc":{"start":{"line":11,"column":46},"end":{"line":11,"column":67}},"type":"binary-expr","locations":[{"start":{"line":11,"column":46},"end":{"line":11,"column":49}},{"start":{"line":11,"column":53},"end":{"line":11,"column":67}}],"line":11},"2":{"loc":{"start":{"line":20,"column":2},"end":{"line":23,"column":3}},"type":"if","locations":[{"start":{"line":20,"column":2},"end":{"line":23,"column":3}},{"start":{"line":20,"column":2},"end":{"line":23,"column":3}}],"line":20},"3":{"loc":{"start":{"line":30,"column":2},"end":{"line":36,"column":3}},"type":"if","locations":[{"start":{"line":30,"column":2},"end":{"line":36,"column":3}},{"start":{"line":30,"column":2},"end":{"line":36,"column":3}}],"line":30},"4":{"loc":{"start":{"line":53,"column":2},"end":{"line":55,"column":3}},"type":"if","locations":[{"start":{"line":53,"column":2},"end":{"line":55,"column":3}},{"start":{"line":53,"column":2},"end":{"line":55,"column":3}}],"line":53},"5":{"loc":{"start":{"line":58,"column":2},"end":{"line":62,"column":3}},"type":"if","locations":[{"start":{"line":58,"column":2},"end":{"line":62,"column":3}},{"start":{"line":58,"column":2},"end":{"line":62,"column":3}}],"line":58}},"s":{"0":1,"1":1,"2":1,"3":1,"4":2,"5":1,"6":1,"7":1,"8":1,"9":1,"10":1,"11":1,"12":1,"13":1,"14":3,"15":3,"16":3,"17":3,"18":3,"19":3,"20":0,"21":1,"22":1,"23":1,"24":1,"25":1,"26":1,"27":1,"28":1,"29":1,"30":0,"31":1,"32":0,"33":1,"34":1,"35":1,"36":1,"37":1},"f":{"0":2,"1":1,"2":3,"3":1,"4":1,"5":1,"6":1,"7":1},"b":{"0":[0,2],"1":[2,2],"2":[1,0],"3":[3,0],"4":[0,1],"5":[0,1]},"_coverageSchema":"332fd63041d2c1bcb487cc26dd0d5f7d97098a6c","hash":"a23e8cd949a78d3cd77a7d3bde6ac6aae25d71a3"}
,"/var/www/html/utter/server/dist/server.js": {"path":"/var/www/html/utter/server/dist/server.js","statementMap":{"0":{"start":{"line":3,"column":12},"end":{"line":3,"column":27}},"1":{"start":{"line":5,"column":13},"end":{"line":5,"column":42}},"2":{"start":{"line":7,"column":14},"end":{"line":7,"column":44}},"3":{"start":{"line":9,"column":15},"end":{"line":9,"column":46}},"4":{"start":{"line":11,"column":13},"end":{"line":11,"column":48}},"5":{"start":{"line":13,"column":14},"end":{"line":13,"column":44}},"6":{"start":{"line":15,"column":14},"end":{"line":15,"column":49}},"7":{"start":{"line":17,"column":15},"end":{"line":17,"column":46}},"8":{"start":{"line":19,"column":11},"end":{"line":19,"column":43}},"9":{"start":{"line":21,"column":12},"end":{"line":21,"column":40}},"10":{"start":{"line":23,"column":18},"end":{"line":23,"column":39}},"11":{"start":{"line":25,"column":19},"end":{"line":25,"column":54}},"12":{"start":{"line":27,"column":14},"end":{"line":27,"column":31}},"13":{"start":{"line":29,"column":15},"end":{"line":29,"column":46}},"14":{"start":{"line":31,"column":15},"end":{"line":31,"column":33}},"15":{"start":{"line":33,"column":16},"end":{"line":33,"column":48}},"16":{"start":{"line":35,"column":14},"end":{"line":35,"column":46}},"17":{"start":{"line":37,"column":14},"end":{"line":37,"column":45}},"18":{"start":{"line":39,"column":21},"end":{"line":39,"column":64}},"19":{"start":{"line":41,"column":22},"end":{"line":41,"column":60}},"20":{"start":{"line":43,"column":11},"end":{"line":43,"column":33}},"21":{"start":{"line":45,"column":12},"end":{"line":45,"column":40}},"22":{"start":{"line":47,"column":14},"end":{"line":47,"column":47}},"23":{"start":{"line":49,"column":15},"end":{"line":49,"column":46}},"24":{"start":{"line":51,"column":12},"end":{"line":51,"column":43}},"25":{"start":{"line":53,"column":13},"end":{"line":53,"column":42}},"26":{"start":{"line":55,"column":13},"end":{"line":55,"column":40}},"27":{"start":{"line":57,"column":14},"end":{"line":57,"column":44}},"28":{"start":{"line":59,"column":14},"end":{"line":59,"column":42}},"29":{"start":{"line":61,"column":15},"end":{"line":61,"column":46}},"30":{"start":{"line":63,"column":39},"end":{"line":63,"column":93}},"31":{"start":{"line":65,"column":10},"end":{"line":65,"column":34}},"32":{"start":{"line":70,"column":0},"end":{"line":70,"column":34}},"33":{"start":{"line":73,"column":0},"end":{"line":73,"column":88}},"34":{"start":{"line":79,"column":0},"end":{"line":79,"column":31}},"35":{"start":{"line":80,"column":0},"end":{"line":80,"column":35}},"36":{"start":{"line":81,"column":0},"end":{"line":81,"column":35}},"37":{"start":{"line":82,"column":0},"end":{"line":82,"column":37}},"38":{"start":{"line":83,"column":0},"end":{"line":83,"column":37}},"39":{"start":{"line":86,"column":0},"end":{"line":91,"column":3}},"40":{"start":{"line":87,"column":2},"end":{"line":87,"column":28}},"41":{"start":{"line":88,"column":2},"end":{"line":88,"column":38}},"42":{"start":{"line":89,"column":2},"end":{"line":89,"column":45}},"43":{"start":{"line":90,"column":2},"end":{"line":90,"column":9}},"44":{"start":{"line":93,"column":0},"end":{"line":98,"column":3}},"45":{"start":{"line":94,"column":2},"end":{"line":94,"column":28}},"46":{"start":{"line":95,"column":2},"end":{"line":95,"column":38}},"47":{"start":{"line":96,"column":2},"end":{"line":96,"column":38}},"48":{"start":{"line":97,"column":2},"end":{"line":97,"column":9}},"49":{"start":{"line":101,"column":0},"end":{"line":107,"column":3}},"50":{"start":{"line":102,"column":2},"end":{"line":106,"column":5}},"51":{"start":{"line":103,"column":4},"end":{"line":105,"column":5}},"52":{"start":{"line":104,"column":6},"end":{"line":104,"column":32}},"53":{"start":{"line":115,"column":0},"end":{"line":115,"column":25}},"54":{"start":{"line":117,"column":0},"end":{"line":117,"column":21}}},"fnMap":{"0":{"name":"_interopRequireDefault","decl":{"start":{"line":63,"column":9},"end":{"line":63,"column":31}},"loc":{"start":{"line":63,"column":37},"end":{"line":63,"column":95}},"line":63},"1":{"name":"(anonymous_1)","decl":{"start":{"line":86,"column":16},"end":{"line":86,"column":17}},"loc":{"start":{"line":86,"column":42},"end":{"line":91,"column":1}},"line":86},"2":{"name":"(anonymous_2)","decl":{"start":{"line":93,"column":17},"end":{"line":93,"column":18}},"loc":{"start":{"line":93,"column":43},"end":{"line":98,"column":1}},"line":93},"3":{"name":"(anonymous_3)","decl":{"start":{"line":101,"column":14},"end":{"line":101,"column":15}},"loc":{"start":{"line":101,"column":34},"end":{"line":107,"column":1}},"line":101},"4":{"name":"(anonymous_4)","decl":{"start":{"line":102,"column":79},"end":{"line":102,"column":80}},"loc":{"start":{"line":102,"column":94},"end":{"line":106,"column":3}},"line":102}},"branchMap":{"0":{"loc":{"start":{"line":63,"column":46},"end":{"line":63,"column":92}},"type":"cond-expr","locations":[{"start":{"line":63,"column":70},"end":{"line":63,"column":73}},{"start":{"line":63,"column":76},"end":{"line":63,"column":92}}],"line":63},"1":{"loc":{"start":{"line":63,"column":46},"end":{"line":63,"column":67}},"type":"binary-expr","locations":[{"start":{"line":63,"column":46},"end":{"line":63,"column":49}},{"start":{"line":63,"column":53},"end":{"line":63,"column":67}}],"line":63},"2":{"loc":{"start":{"line":103,"column":4},"end":{"line":105,"column":5}},"type":"if","locations":[{"start":{"line":103,"column":4},"end":{"line":105,"column":5}},{"start":{"line":103,"column":4},"end":{"line":105,"column":5}}],"line":103}},"s":{"0":1,"1":1,"2":1,"3":1,"4":1,"5":1,"6":1,"7":1,"8":1,"9":1,"10":1,"11":1,"12":1,"13":1,"14":1,"15":1,"16":1,"17":1,"18":1,"19":1,"20":1,"21":1,"22":1,"23":1,"24":1,"25":1,"26":1,"27":1,"28":1,"29":1,"30":15,"31":1,"32":1,"33":1,"34":1,"35":1,"36":1,"37":1,"38":1,"39":1,"40":0,"41":0,"42":0,"43":0,"44":1,"45":0,"46":0,"47":0,"48":0,"49":1,"50":0,"51":0,"52":0,"53":1,"54":1},"f":{"0":15,"1":0,"2":0,"3":0,"4":0},"b":{"0":[1,14],"1":[15,15],"2":[0,0]},"_coverageSchema":"332fd63041d2c1bcb487cc26dd0d5f7d97098a6c","hash":"43a2550870bd8fc16f2813b4c171c3f21eef7f68"}
,"/var/www/html/utter/server/dist/tigers.js": {"path":"/var/www/html/utter/server/dist/tigers.js","statementMap":{"0":{"start":{"line":3,"column":15},"end":{"line":3,"column":33}},"1":{"start":{"line":5,"column":16},"end":{"line":5,"column":48}},"2":{"start":{"line":7,"column":14},"end":{"line":7,"column":31}},"3":{"start":{"line":9,"column":15},"end":{"line":9,"column":46}},"4":{"start":{"line":11,"column":39},"end":{"line":11,"column":93}},"5":{"start":{"line":13,"column":18},"end":{"line":13,"column":44}},"6":{"start":{"line":14,"column":13},"end":{"line":14,"column":15}},"7":{"start":{"line":15,"column":9},"end":{"line":15,"column":10}},"8":{"start":{"line":17,"column":15},"end":{"line":21,"column":1}},"9":{"start":{"line":18,"column":2},"end":{"line":18,"column":7}},"10":{"start":{"line":19,"column":2},"end":{"line":19,"column":24}},"11":{"start":{"line":20,"column":2},"end":{"line":20,"column":9}},"12":{"start":{"line":23,"column":0},"end":{"line":29,"column":3}},"13":{"start":{"line":24,"column":14},"end":{"line":24,"column":55}},"14":{"start":{"line":25,"column":14},"end":{"line":25,"column":60}},"15":{"start":{"line":26,"column":2},"end":{"line":26,"column":20}},"16":{"start":{"line":27,"column":2},"end":{"line":27,"column":20}},"17":{"start":{"line":28,"column":2},"end":{"line":28,"column":9}},"18":{"start":{"line":31,"column":0},"end":{"line":37,"column":3}},"19":{"start":{"line":32,"column":2},"end":{"line":32,"column":19}},"20":{"start":{"line":34,"column":14},"end":{"line":34,"column":22}},"21":{"start":{"line":35,"column":2},"end":{"line":35,"column":21}},"22":{"start":{"line":36,"column":2},"end":{"line":36,"column":18}},"23":{"start":{"line":39,"column":0},"end":{"line":48,"column":3}},"24":{"start":{"line":40,"column":2},"end":{"line":40,"column":22}},"25":{"start":{"line":42,"column":16},"end":{"line":42,"column":24}},"26":{"start":{"line":43,"column":21},"end":{"line":43,"column":62}},"27":{"start":{"line":44,"column":2},"end":{"line":44,"column":25}},"28":{"start":{"line":46,"column":2},"end":{"line":46,"column":27}},"29":{"start":{"line":47,"column":2},"end":{"line":47,"column":22}},"30":{"start":{"line":50,"column":0},"end":{"line":50,"column":29}}},"fnMap":{"0":{"name":"_interopRequireDefault","decl":{"start":{"line":11,"column":9},"end":{"line":11,"column":31}},"loc":{"start":{"line":11,"column":37},"end":{"line":11,"column":95}},"line":11},"1":{"name":"updateID","decl":{"start":{"line":17,"column":24},"end":{"line":17,"column":32}},"loc":{"start":{"line":17,"column":49},"end":{"line":21,"column":1}},"line":17},"2":{"name":"(anonymous_2)","decl":{"start":{"line":23,"column":24},"end":{"line":23,"column":25}},"loc":{"start":{"line":23,"column":54},"end":{"line":29,"column":1}},"line":23},"3":{"name":"(anonymous_3)","decl":{"start":{"line":31,"column":27},"end":{"line":31,"column":28}},"loc":{"start":{"line":31,"column":47},"end":{"line":33,"column":1}},"line":31},"4":{"name":"(anonymous_4)","decl":{"start":{"line":33,"column":18},"end":{"line":33,"column":19}},"loc":{"start":{"line":33,"column":38},"end":{"line":37,"column":1}},"line":33},"5":{"name":"(anonymous_5)","decl":{"start":{"line":39,"column":30},"end":{"line":39,"column":31}},"loc":{"start":{"line":39,"column":50},"end":{"line":41,"column":1}},"line":39},"6":{"name":"(anonymous_6)","decl":{"start":{"line":41,"column":7},"end":{"line":41,"column":8}},"loc":{"start":{"line":41,"column":27},"end":{"line":45,"column":1}},"line":41},"7":{"name":"(anonymous_7)","decl":{"start":{"line":45,"column":10},"end":{"line":45,"column":11}},"loc":{"start":{"line":45,"column":30},"end":{"line":48,"column":1}},"line":45}},"branchMap":{"0":{"loc":{"start":{"line":11,"column":46},"end":{"line":11,"column":92}},"type":"cond-expr","locations":[{"start":{"line":11,"column":70},"end":{"line":11,"column":73}},{"start":{"line":11,"column":76},"end":{"line":11,"column":92}}],"line":11},"1":{"loc":{"start":{"line":11,"column":46},"end":{"line":11,"column":67}},"type":"binary-expr","locations":[{"start":{"line":11,"column":46},"end":{"line":11,"column":49}},{"start":{"line":11,"column":53},"end":{"line":11,"column":67}}],"line":11}},"s":{"0":1,"1":1,"2":1,"3":1,"4":2,"5":1,"6":1,"7":1,"8":1,"9":0,"10":0,"11":0,"12":1,"13":0,"14":0,"15":0,"16":0,"17":0,"18":1,"19":0,"20":0,"21":0,"22":0,"23":1,"24":0,"25":0,"26":0,"27":0,"28":0,"29":0,"30":1},"f":{"0":2,"1":0,"2":0,"3":0,"4":0,"5":0,"6":0,"7":0},"b":{"0":[0,2],"1":[2,2]},"_coverageSchema":"332fd63041d2c1bcb487cc26dd0d5f7d97098a6c","hash":"4c9346fddfefe9a4311daf58107b579687c7dfb0"}
,"/var/www/html/utter/server/dist/api/index.js": {"path":"/var/www/html/utter/server/dist/api/index.js","statementMap":{"0":{"start":{"line":3,"column":15},"end":{"line":3,"column":33}},"1":{"start":{"line":5,"column":16},"end":{"line":5,"column":48}},"2":{"start":{"line":7,"column":18},"end":{"line":7,"column":49}},"3":{"start":{"line":9,"column":19},"end":{"line":9,"column":54}},"4":{"start":{"line":11,"column":22},"end":{"line":11,"column":61}},"5":{"start":{"line":13,"column":23},"end":{"line":13,"column":62}},"6":{"start":{"line":15,"column":19},"end":{"line":15,"column":52}},"7":{"start":{"line":17,"column":20},"end":{"line":17,"column":56}},"8":{"start":{"line":19,"column":18},"end":{"line":19,"column":49}},"9":{"start":{"line":21,"column":19},"end":{"line":21,"column":54}},"10":{"start":{"line":23,"column":21},"end":{"line":23,"column":58}},"11":{"start":{"line":25,"column":22},"end":{"line":25,"column":60}},"12":{"start":{"line":27,"column":39},"end":{"line":27,"column":93}},"13":{"start":{"line":29,"column":13},"end":{"line":29,"column":39}},"14":{"start":{"line":31,"column":0},"end":{"line":31,"column":43}},"15":{"start":{"line":32,"column":0},"end":{"line":32,"column":51}},"16":{"start":{"line":33,"column":0},"end":{"line":33,"column":45}},"17":{"start":{"line":34,"column":0},"end":{"line":34,"column":43}},"18":{"start":{"line":35,"column":0},"end":{"line":35,"column":49}},"19":{"start":{"line":37,"column":0},"end":{"line":37,"column":24}}},"fnMap":{"0":{"name":"_interopRequireDefault","decl":{"start":{"line":27,"column":9},"end":{"line":27,"column":31}},"loc":{"start":{"line":27,"column":37},"end":{"line":27,"column":95}},"line":27}},"branchMap":{"0":{"loc":{"start":{"line":27,"column":46},"end":{"line":27,"column":92}},"type":"cond-expr","locations":[{"start":{"line":27,"column":70},"end":{"line":27,"column":73}},{"start":{"line":27,"column":76},"end":{"line":27,"column":92}}],"line":27},"1":{"loc":{"start":{"line":27,"column":46},"end":{"line":27,"column":67}},"type":"binary-expr","locations":[{"start":{"line":27,"column":46},"end":{"line":27,"column":49}},{"start":{"line":27,"column":53},"end":{"line":27,"column":67}}],"line":27}},"s":{"0":1,"1":1,"2":1,"3":1,"4":1,"5":1,"6":1,"7":1,"8":1,"9":1,"10":1,"11":1,"12":6,"13":1,"14":1,"15":1,"16":1,"17":1,"18":1,"19":1},"f":{"0":6},"b":{"0":[0,6],"1":[6,6]},"_coverageSchema":"332fd63041d2c1bcb487cc26dd0d5f7d97098a6c","hash":"f4beaec29597baa303c4e509ad92c34aa3b796e4"}
,"/var/www/html/utter/server/dist/api/comment/commentCtrl.js": {"path":"/var/www/html/utter/server/dist/api/comment/commentCtrl.js","statementMap":{"0":{"start":{"line":3,"column":20},"end":{"line":3,"column":48}},"1":{"start":{"line":5,"column":21},"end":{"line":5,"column":58}},"2":{"start":{"line":7,"column":14},"end":{"line":7,"column":31}},"3":{"start":{"line":9,"column":15},"end":{"line":9,"column":46}},"4":{"start":{"line":11,"column":15},"end":{"line":11,"column":40}},"5":{"start":{"line":13,"column":16},"end":{"line":13,"column":48}},"6":{"start":{"line":15,"column":12},"end":{"line":15,"column":38}},"7":{"start":{"line":17,"column":13},"end":{"line":17,"column":42}},"8":{"start":{"line":19,"column":39},"end":{"line":19,"column":93}},"9":{"start":{"line":21,"column":16},"end":{"line":21,"column":40}},"10":{"start":{"line":23,"column":0},"end":{"line":34,"column":2}},"11":{"start":{"line":24,"column":2},"end":{"line":33,"column":5}},"12":{"start":{"line":25,"column":4},"end":{"line":30,"column":5}},"13":{"start":{"line":26,"column":6},"end":{"line":26,"column":49}},"14":{"start":{"line":28,"column":6},"end":{"line":28,"column":28}},"15":{"start":{"line":29,"column":6},"end":{"line":29,"column":13}},"16":{"start":{"line":32,"column":4},"end":{"line":32,"column":14}},"17":{"start":{"line":36,"column":0},"end":{"line":42,"column":2}},"18":{"start":{"line":37,"column":2},"end":{"line":41,"column":5}},"19":{"start":{"line":38,"column":4},"end":{"line":38,"column":36}},"20":{"start":{"line":40,"column":4},"end":{"line":40,"column":14}},"21":{"start":{"line":44,"column":0},"end":{"line":47,"column":2}},"22":{"start":{"line":45,"column":16},"end":{"line":45,"column":27}},"23":{"start":{"line":46,"column":2},"end":{"line":46,"column":33}},"24":{"start":{"line":49,"column":0},"end":{"line":61,"column":2}},"25":{"start":{"line":50,"column":16},"end":{"line":50,"column":27}},"26":{"start":{"line":51,"column":15},"end":{"line":51,"column":23}},"27":{"start":{"line":53,"column":2},"end":{"line":53,"column":42}},"28":{"start":{"line":55,"column":2},"end":{"line":60,"column":5}},"29":{"start":{"line":56,"column":4},"end":{"line":58,"column":5}},"30":{"start":{"line":57,"column":6},"end":{"line":57,"column":16}},"31":{"start":{"line":59,"column":4},"end":{"line":59,"column":29}},"32":{"start":{"line":63,"column":0},"end":{"line":69,"column":2}},"33":{"start":{"line":64,"column":2},"end":{"line":68,"column":5}},"34":{"start":{"line":65,"column":4},"end":{"line":65,"column":22}},"35":{"start":{"line":67,"column":4},"end":{"line":67,"column":14}},"36":{"start":{"line":70,"column":0},"end":{"line":78,"column":2}},"37":{"start":{"line":71,"column":2},"end":{"line":77,"column":5}},"38":{"start":{"line":72,"column":4},"end":{"line":76,"column":5}},"39":{"start":{"line":73,"column":6},"end":{"line":73,"column":16}},"40":{"start":{"line":75,"column":6},"end":{"line":75,"column":24}}},"fnMap":{"0":{"name":"_interopRequireDefault","decl":{"start":{"line":19,"column":9},"end":{"line":19,"column":31}},"loc":{"start":{"line":19,"column":37},"end":{"line":19,"column":95}},"line":19},"1":{"name":"(anonymous_1)","decl":{"start":{"line":23,"column":17},"end":{"line":23,"column":18}},"loc":{"start":{"line":23,"column":47},"end":{"line":34,"column":1}},"line":23},"2":{"name":"(anonymous_2)","decl":{"start":{"line":24,"column":43},"end":{"line":24,"column":44}},"loc":{"start":{"line":24,"column":62},"end":{"line":31,"column":3}},"line":24},"3":{"name":"(anonymous_3)","decl":{"start":{"line":31,"column":5},"end":{"line":31,"column":6}},"loc":{"start":{"line":31,"column":20},"end":{"line":33,"column":3}},"line":31},"4":{"name":"(anonymous_4)","decl":{"start":{"line":36,"column":14},"end":{"line":36,"column":15}},"loc":{"start":{"line":36,"column":40},"end":{"line":42,"column":1}},"line":36},"5":{"name":"(anonymous_5)","decl":{"start":{"line":37,"column":39},"end":{"line":37,"column":40}},"loc":{"start":{"line":37,"column":59},"end":{"line":39,"column":3}},"line":37},"6":{"name":"(anonymous_6)","decl":{"start":{"line":39,"column":5},"end":{"line":39,"column":6}},"loc":{"start":{"line":39,"column":20},"end":{"line":41,"column":3}},"line":39},"7":{"name":"(anonymous_7)","decl":{"start":{"line":44,"column":17},"end":{"line":44,"column":18}},"loc":{"start":{"line":44,"column":43},"end":{"line":47,"column":1}},"line":44},"8":{"name":"(anonymous_8)","decl":{"start":{"line":49,"column":17},"end":{"line":49,"column":18}},"loc":{"start":{"line":49,"column":43},"end":{"line":61,"column":1}},"line":49},"9":{"name":"(anonymous_9)","decl":{"start":{"line":55,"column":15},"end":{"line":55,"column":16}},"loc":{"start":{"line":55,"column":37},"end":{"line":60,"column":3}},"line":55},"10":{"name":"(anonymous_10)","decl":{"start":{"line":63,"column":15},"end":{"line":63,"column":16}},"loc":{"start":{"line":63,"column":41},"end":{"line":69,"column":1}},"line":63},"11":{"name":"(anonymous_11)","decl":{"start":{"line":64,"column":47},"end":{"line":64,"column":48}},"loc":{"start":{"line":64,"column":66},"end":{"line":66,"column":3}},"line":64},"12":{"name":"(anonymous_12)","decl":{"start":{"line":66,"column":5},"end":{"line":66,"column":6}},"loc":{"start":{"line":66,"column":20},"end":{"line":68,"column":3}},"line":66},"13":{"name":"(anonymous_13)","decl":{"start":{"line":70,"column":17},"end":{"line":70,"column":18}},"loc":{"start":{"line":70,"column":43},"end":{"line":78,"column":1}},"line":70},"14":{"name":"(anonymous_14)","decl":{"start":{"line":71,"column":21},"end":{"line":71,"column":22}},"loc":{"start":{"line":71,"column":45},"end":{"line":77,"column":3}},"line":71}},"branchMap":{"0":{"loc":{"start":{"line":19,"column":46},"end":{"line":19,"column":92}},"type":"cond-expr","locations":[{"start":{"line":19,"column":70},"end":{"line":19,"column":73}},{"start":{"line":19,"column":76},"end":{"line":19,"column":92}}],"line":19},"1":{"loc":{"start":{"line":19,"column":46},"end":{"line":19,"column":67}},"type":"binary-expr","locations":[{"start":{"line":19,"column":46},"end":{"line":19,"column":49}},{"start":{"line":19,"column":53},"end":{"line":19,"column":67}}],"line":19},"2":{"loc":{"start":{"line":25,"column":4},"end":{"line":30,"column":5}},"type":"if","locations":[{"start":{"line":25,"column":4},"end":{"line":30,"column":5}},{"start":{"line":25,"column":4},"end":{"line":30,"column":5}}],"line":25},"3":{"loc":{"start":{"line":56,"column":4},"end":{"line":58,"column":5}},"type":"if","locations":[{"start":{"line":56,"column":4},"end":{"line":58,"column":5}},{"start":{"line":56,"column":4},"end":{"line":58,"column":5}}],"line":56},"4":{"loc":{"start":{"line":72,"column":4},"end":{"line":76,"column":5}},"type":"if","locations":[{"start":{"line":72,"column":4},"end":{"line":76,"column":5}},{"start":{"line":72,"column":4},"end":{"line":76,"column":5}}],"line":72}},"s":{"0":1,"1":1,"2":1,"3":1,"4":1,"5":1,"6":1,"7":1,"8":4,"9":1,"10":1,"11":0,"12":0,"13":0,"14":0,"15":0,"16":0,"17":1,"18":0,"19":0,"20":0,"21":1,"22":0,"23":0,"24":1,"25":0,"26":0,"27":0,"28":0,"29":0,"30":0,"31":0,"32":1,"33":0,"34":0,"35":0,"36":1,"37":0,"38":0,"39":0,"40":0},"f":{"0":4,"1":0,"2":0,"3":0,"4":0,"5":0,"6":0,"7":0,"8":0,"9":0,"10":0,"11":0,"12":0,"13":0,"14":0},"b":{"0":[0,4],"1":[4,4],"2":[0,0],"3":[0,0],"4":[0,0]},"_coverageSchema":"332fd63041d2c1bcb487cc26dd0d5f7d97098a6c","hash":"a6d6f58bf2238fd267e687b71f7d577ac130cab7"}
,"/var/www/html/utter/server/dist/api/comment/commentModel.js": {"path":"/var/www/html/utter/server/dist/api/comment/commentModel.js","statementMap":{"0":{"start":{"line":3,"column":16},"end":{"line":3,"column":35}},"1":{"start":{"line":5,"column":17},"end":{"line":5,"column":50}},"2":{"start":{"line":7,"column":31},"end":{"line":7,"column":67}},"3":{"start":{"line":9,"column":32},"end":{"line":9,"column":80}},"4":{"start":{"line":11,"column":14},"end":{"line":11,"column":31}},"5":{"start":{"line":13,"column":15},"end":{"line":13,"column":46}},"6":{"start":{"line":15,"column":14},"end":{"line":15,"column":31}},"7":{"start":{"line":17,"column":15},"end":{"line":17,"column":46}},"8":{"start":{"line":19,"column":20},"end":{"line":19,"column":43}},"9":{"start":{"line":21,"column":21},"end":{"line":21,"column":58}},"10":{"start":{"line":23,"column":14},"end":{"line":23,"column":47}},"11":{"start":{"line":25,"column":15},"end":{"line":25,"column":46}},"12":{"start":{"line":27,"column":39},"end":{"line":27,"column":93}},"13":{"start":{"line":29,"column":20},"end":{"line":42,"column":2}},"14":{"start":{"line":44,"column":0},"end":{"line":44,"column":68}}},"fnMap":{"0":{"name":"_interopRequireDefault","decl":{"start":{"line":27,"column":9},"end":{"line":27,"column":31}},"loc":{"start":{"line":27,"column":37},"end":{"line":27,"column":95}},"line":27}},"branchMap":{"0":{"loc":{"start":{"line":27,"column":46},"end":{"line":27,"column":92}},"type":"cond-expr","locations":[{"start":{"line":27,"column":70},"end":{"line":27,"column":73}},{"start":{"line":27,"column":76},"end":{"line":27,"column":92}}],"line":27},"1":{"loc":{"start":{"line":27,"column":46},"end":{"line":27,"column":67}},"type":"binary-expr","locations":[{"start":{"line":27,"column":46},"end":{"line":27,"column":49}},{"start":{"line":27,"column":53},"end":{"line":27,"column":67}}],"line":27}},"s":{"0":1,"1":1,"2":1,"3":1,"4":1,"5":1,"6":1,"7":1,"8":1,"9":1,"10":1,"11":1,"12":6,"13":1,"14":1},"f":{"0":6},"b":{"0":[0,6],"1":[6,6]},"_coverageSchema":"332fd63041d2c1bcb487cc26dd0d5f7d97098a6c","hash":"1c75819bb3693ccef547846d981c167ab3f26032"}
,"/var/www/html/utter/server/dist/api/comment/commentRoutes.js": {"path":"/var/www/html/utter/server/dist/api/comment/commentRoutes.js","statementMap":{"0":{"start":{"line":3,"column":15},"end":{"line":3,"column":33}},"1":{"start":{"line":5,"column":16},"end":{"line":5,"column":48}},"2":{"start":{"line":7,"column":19},"end":{"line":7,"column":46}},"3":{"start":{"line":9,"column":20},"end":{"line":9,"column":56}},"4":{"start":{"line":11,"column":20},"end":{"line":11,"column":57}},"5":{"start":{"line":13,"column":21},"end":{"line":13,"column":58}},"6":{"start":{"line":15,"column":39},"end":{"line":15,"column":93}},"7":{"start":{"line":17,"column":13},"end":{"line":17,"column":39}},"8":{"start":{"line":19,"column":0},"end":{"line":19,"column":59}},"9":{"start":{"line":21,"column":0},"end":{"line":21,"column":24}}},"fnMap":{"0":{"name":"_interopRequireDefault","decl":{"start":{"line":15,"column":9},"end":{"line":15,"column":31}},"loc":{"start":{"line":15,"column":37},"end":{"line":15,"column":95}},"line":15}},"branchMap":{"0":{"loc":{"start":{"line":15,"column":46},"end":{"line":15,"column":92}},"type":"cond-expr","locations":[{"start":{"line":15,"column":70},"end":{"line":15,"column":73}},{"start":{"line":15,"column":76},"end":{"line":15,"column":92}}],"line":15},"1":{"loc":{"start":{"line":15,"column":46},"end":{"line":15,"column":67}},"type":"binary-expr","locations":[{"start":{"line":15,"column":46},"end":{"line":15,"column":49}},{"start":{"line":15,"column":53},"end":{"line":15,"column":67}}],"line":15}},"s":{"0":1,"1":1,"2":1,"3":1,"4":1,"5":1,"6":3,"7":1,"8":1,"9":1},"f":{"0":3},"b":{"0":[0,3],"1":[3,3]},"_coverageSchema":"332fd63041d2c1bcb487cc26dd0d5f7d97098a6c","hash":"bde47ae85d9b59e7525637e45f8bac49f52a3f79"}
,"/var/www/html/utter/server/dist/api/event/eventCtrl.js": {"path":"/var/www/html/utter/server/dist/api/event/eventCtrl.js","statementMap":{"0":{"start":{"line":3,"column":18},"end":{"line":3,"column":44}},"1":{"start":{"line":5,"column":19},"end":{"line":5,"column":54}},"2":{"start":{"line":7,"column":14},"end":{"line":7,"column":31}},"3":{"start":{"line":9,"column":15},"end":{"line":9,"column":46}},"4":{"start":{"line":11,"column":15},"end":{"line":11,"column":40}},"5":{"start":{"line":13,"column":16},"end":{"line":13,"column":48}},"6":{"start":{"line":15,"column":12},"end":{"line":15,"column":38}},"7":{"start":{"line":17,"column":13},"end":{"line":17,"column":42}},"8":{"start":{"line":19,"column":39},"end":{"line":19,"column":93}},"9":{"start":{"line":21,"column":16},"end":{"line":21,"column":40}},"10":{"start":{"line":23,"column":0},"end":{"line":34,"column":2}},"11":{"start":{"line":24,"column":2},"end":{"line":33,"column":5}},"12":{"start":{"line":25,"column":4},"end":{"line":30,"column":5}},"13":{"start":{"line":26,"column":6},"end":{"line":26,"column":46}},"14":{"start":{"line":28,"column":6},"end":{"line":28,"column":22}},"15":{"start":{"line":29,"column":6},"end":{"line":29,"column":13}},"16":{"start":{"line":32,"column":4},"end":{"line":32,"column":14}},"17":{"start":{"line":36,"column":0},"end":{"line":38,"column":2}},"18":{"start":{"line":37,"column":2},"end":{"line":37,"column":42}},"19":{"start":{"line":40,"column":0},"end":{"line":42,"column":2}},"20":{"start":{"line":41,"column":2},"end":{"line":41,"column":42}},"21":{"start":{"line":44,"column":0},"end":{"line":46,"column":2}},"22":{"start":{"line":45,"column":2},"end":{"line":45,"column":42}},"23":{"start":{"line":48,"column":0},"end":{"line":59,"column":2}},"24":{"start":{"line":49,"column":2},"end":{"line":49,"column":42}},"25":{"start":{"line":61,"column":0},"end":{"line":69,"column":2}},"26":{"start":{"line":62,"column":2},"end":{"line":68,"column":5}},"27":{"start":{"line":63,"column":4},"end":{"line":67,"column":5}},"28":{"start":{"line":64,"column":6},"end":{"line":64,"column":16}},"29":{"start":{"line":66,"column":6},"end":{"line":66,"column":24}}},"fnMap":{"0":{"name":"_interopRequireDefault","decl":{"start":{"line":19,"column":9},"end":{"line":19,"column":31}},"loc":{"start":{"line":19,"column":37},"end":{"line":19,"column":95}},"line":19},"1":{"name":"(anonymous_1)","decl":{"start":{"line":23,"column":17},"end":{"line":23,"column":18}},"loc":{"start":{"line":23,"column":47},"end":{"line":34,"column":1}},"line":23},"2":{"name":"(anonymous_2)","decl":{"start":{"line":24,"column":41},"end":{"line":24,"column":42}},"loc":{"start":{"line":24,"column":57},"end":{"line":31,"column":3}},"line":24},"3":{"name":"(anonymous_3)","decl":{"start":{"line":31,"column":5},"end":{"line":31,"column":6}},"loc":{"start":{"line":31,"column":20},"end":{"line":33,"column":3}},"line":31},"4":{"name":"(anonymous_4)","decl":{"start":{"line":36,"column":14},"end":{"line":36,"column":15}},"loc":{"start":{"line":36,"column":40},"end":{"line":38,"column":1}},"line":36},"5":{"name":"(anonymous_5)","decl":{"start":{"line":40,"column":17},"end":{"line":40,"column":18}},"loc":{"start":{"line":40,"column":43},"end":{"line":42,"column":1}},"line":40},"6":{"name":"(anonymous_6)","decl":{"start":{"line":44,"column":17},"end":{"line":44,"column":18}},"loc":{"start":{"line":44,"column":43},"end":{"line":46,"column":1}},"line":44},"7":{"name":"(anonymous_7)","decl":{"start":{"line":48,"column":15},"end":{"line":48,"column":16}},"loc":{"start":{"line":48,"column":41},"end":{"line":59,"column":1}},"line":48},"8":{"name":"(anonymous_8)","decl":{"start":{"line":61,"column":17},"end":{"line":61,"column":18}},"loc":{"start":{"line":61,"column":43},"end":{"line":69,"column":1}},"line":61},"9":{"name":"(anonymous_9)","decl":{"start":{"line":62,"column":18},"end":{"line":62,"column":19}},"loc":{"start":{"line":62,"column":42},"end":{"line":68,"column":3}},"line":62}},"branchMap":{"0":{"loc":{"start":{"line":19,"column":46},"end":{"line":19,"column":92}},"type":"cond-expr","locations":[{"start":{"line":19,"column":70},"end":{"line":19,"column":73}},{"start":{"line":19,"column":76},"end":{"line":19,"column":92}}],"line":19},"1":{"loc":{"start":{"line":19,"column":46},"end":{"line":19,"column":67}},"type":"binary-expr","locations":[{"start":{"line":19,"column":46},"end":{"line":19,"column":49}},{"start":{"line":19,"column":53},"end":{"line":19,"column":67}}],"line":19},"2":{"loc":{"start":{"line":25,"column":4},"end":{"line":30,"column":5}},"type":"if","locations":[{"start":{"line":25,"column":4},"end":{"line":30,"column":5}},{"start":{"line":25,"column":4},"end":{"line":30,"column":5}}],"line":25},"3":{"loc":{"start":{"line":63,"column":4},"end":{"line":67,"column":5}},"type":"if","locations":[{"start":{"line":63,"column":4},"end":{"line":67,"column":5}},{"start":{"line":63,"column":4},"end":{"line":67,"column":5}}],"line":63}},"s":{"0":1,"1":1,"2":1,"3":1,"4":1,"5":1,"6":1,"7":1,"8":4,"9":1,"10":1,"11":0,"12":0,"13":0,"14":0,"15":0,"16":0,"17":1,"18":0,"19":1,"20":0,"21":1,"22":0,"23":1,"24":0,"25":1,"26":0,"27":0,"28":0,"29":0},"f":{"0":4,"1":0,"2":0,"3":0,"4":0,"5":0,"6":0,"7":0,"8":0,"9":0},"b":{"0":[0,4],"1":[4,4],"2":[0,0],"3":[0,0]},"_coverageSchema":"332fd63041d2c1bcb487cc26dd0d5f7d97098a6c","hash":"11c260961919dbb78b6ed4dfd4062ea058e9fc19"}
,"/var/www/html/utter/server/dist/api/event/eventModel.js": {"path":"/var/www/html/utter/server/dist/api/event/eventModel.js","statementMap":{"0":{"start":{"line":3,"column":16},"end":{"line":3,"column":35}},"1":{"start":{"line":5,"column":17},"end":{"line":5,"column":50}},"2":{"start":{"line":7,"column":31},"end":{"line":7,"column":67}},"3":{"start":{"line":9,"column":32},"end":{"line":9,"column":80}},"4":{"start":{"line":11,"column":14},"end":{"line":11,"column":31}},"5":{"start":{"line":13,"column":15},"end":{"line":13,"column":46}},"6":{"start":{"line":15,"column":14},"end":{"line":15,"column":31}},"7":{"start":{"line":17,"column":15},"end":{"line":17,"column":46}},"8":{"start":{"line":19,"column":20},"end":{"line":19,"column":43}},"9":{"start":{"line":21,"column":21},"end":{"line":21,"column":58}},"10":{"start":{"line":23,"column":14},"end":{"line":23,"column":47}},"11":{"start":{"line":25,"column":15},"end":{"line":25,"column":46}},"12":{"start":{"line":27,"column":39},"end":{"line":27,"column":93}},"13":{"start":{"line":29,"column":18},"end":{"line":34,"column":24}},"14":{"start":{"line":37,"column":0},"end":{"line":41,"column":3}},"15":{"start":{"line":38,"column":2},"end":{"line":38,"column":50}},"16":{"start":{"line":38,"column":36},"end":{"line":38,"column":50}},"17":{"start":{"line":39,"column":2},"end":{"line":39,"column":54}},"18":{"start":{"line":40,"column":2},"end":{"line":40,"column":9}},"19":{"start":{"line":43,"column":0},"end":{"line":58,"column":2}},"20":{"start":{"line":46,"column":4},"end":{"line":46,"column":69}},"21":{"start":{"line":51,"column":4},"end":{"line":56,"column":5}},"22":{"start":{"line":52,"column":6},"end":{"line":52,"column":16}},"23":{"start":{"line":54,"column":17},"end":{"line":54,"column":49}},"24":{"start":{"line":55,"column":6},"end":{"line":55,"column":59}},"25":{"start":{"line":60,"column":0},"end":{"line":60,"column":88}},"26":{"start":{"line":62,"column":0},"end":{"line":62,"column":64}}},"fnMap":{"0":{"name":"_interopRequireDefault","decl":{"start":{"line":27,"column":9},"end":{"line":27,"column":31}},"loc":{"start":{"line":27,"column":37},"end":{"line":27,"column":95}},"line":27},"1":{"name":"(anonymous_1)","decl":{"start":{"line":37,"column":24},"end":{"line":37,"column":25}},"loc":{"start":{"line":37,"column":40},"end":{"line":41,"column":1}},"line":37},"2":{"name":"authenticate","decl":{"start":{"line":45,"column":25},"end":{"line":45,"column":37}},"loc":{"start":{"line":45,"column":52},"end":{"line":47,"column":3}},"line":45},"3":{"name":"encryptPassword","decl":{"start":{"line":50,"column":28},"end":{"line":50,"column":43}},"loc":{"start":{"line":50,"column":58},"end":{"line":57,"column":3}},"line":50}},"branchMap":{"0":{"loc":{"start":{"line":27,"column":46},"end":{"line":27,"column":92}},"type":"cond-expr","locations":[{"start":{"line":27,"column":70},"end":{"line":27,"column":73}},{"start":{"line":27,"column":76},"end":{"line":27,"column":92}}],"line":27},"1":{"loc":{"start":{"line":27,"column":46},"end":{"line":27,"column":67}},"type":"binary-expr","locations":[{"start":{"line":27,"column":46},"end":{"line":27,"column":49}},{"start":{"line":27,"column":53},"end":{"line":27,"column":67}}],"line":27},"2":{"loc":{"start":{"line":38,"column":2},"end":{"line":38,"column":50}},"type":"if","locations":[{"start":{"line":38,"column":2},"end":{"line":38,"column":50}},{"start":{"line":38,"column":2},"end":{"line":38,"column":50}}],"line":38},"3":{"loc":{"start":{"line":51,"column":4},"end":{"line":56,"column":5}},"type":"if","locations":[{"start":{"line":51,"column":4},"end":{"line":56,"column":5}},{"start":{"line":51,"column":4},"end":{"line":56,"column":5}}],"line":51}},"s":{"0":1,"1":1,"2":1,"3":1,"4":1,"5":1,"6":1,"7":1,"8":1,"9":1,"10":1,"11":1,"12":6,"13":1,"14":1,"15":0,"16":0,"17":0,"18":0,"19":1,"20":0,"21":0,"22":0,"23":0,"24":0,"25":1,"26":1},"f":{"0":6,"1":0,"2":0,"3":0},"b":{"0":[0,6],"1":[6,6],"2":[0,0],"3":[0,0]},"_coverageSchema":"332fd63041d2c1bcb487cc26dd0d5f7d97098a6c","hash":"61e1026007df55d6f29221e5dfeca58fcc4634f4"}
,"/var/www/html/utter/server/dist/api/event/eventRoutes.js": {"path":"/var/www/html/utter/server/dist/api/event/eventRoutes.js","statementMap":{"0":{"start":{"line":3,"column":15},"end":{"line":3,"column":33}},"1":{"start":{"line":5,"column":16},"end":{"line":5,"column":48}},"2":{"start":{"line":7,"column":17},"end":{"line":7,"column":42}},"3":{"start":{"line":9,"column":18},"end":{"line":9,"column":52}},"4":{"start":{"line":11,"column":20},"end":{"line":11,"column":57}},"5":{"start":{"line":13,"column":21},"end":{"line":13,"column":58}},"6":{"start":{"line":15,"column":12},"end":{"line":15,"column":41}},"7":{"start":{"line":17,"column":39},"end":{"line":17,"column":93}},"8":{"start":{"line":19,"column":13},"end":{"line":19,"column":39}},"9":{"start":{"line":24,"column":0},"end":{"line":28,"column":3}},"10":{"start":{"line":25,"column":2},"end":{"line":27,"column":5}},"11":{"start":{"line":30,"column":0},"end":{"line":30,"column":24}}},"fnMap":{"0":{"name":"_interopRequireDefault","decl":{"start":{"line":17,"column":9},"end":{"line":17,"column":31}},"loc":{"start":{"line":17,"column":37},"end":{"line":17,"column":95}},"line":17},"1":{"name":"(anonymous_1)","decl":{"start":{"line":24,"column":43},"end":{"line":24,"column":44}},"loc":{"start":{"line":24,"column":63},"end":{"line":28,"column":1}},"line":24}},"branchMap":{"0":{"loc":{"start":{"line":17,"column":46},"end":{"line":17,"column":92}},"type":"cond-expr","locations":[{"start":{"line":17,"column":70},"end":{"line":17,"column":73}},{"start":{"line":17,"column":76},"end":{"line":17,"column":92}}],"line":17},"1":{"loc":{"start":{"line":17,"column":46},"end":{"line":17,"column":67}},"type":"binary-expr","locations":[{"start":{"line":17,"column":46},"end":{"line":17,"column":49}},{"start":{"line":17,"column":53},"end":{"line":17,"column":67}}],"line":17}},"s":{"0":1,"1":1,"2":1,"3":1,"4":1,"5":1,"6":1,"7":3,"8":1,"9":1,"10":0,"11":1},"f":{"0":3,"1":0},"b":{"0":[0,3],"1":[3,3]},"_coverageSchema":"332fd63041d2c1bcb487cc26dd0d5f7d97098a6c","hash":"fd7b36bcb26d57ecedc5ee6c390017d7dc3f9e24"}
,"/var/www/html/utter/server/dist/api/language/languageCtrl.js": {"path":"/var/www/html/utter/server/dist/api/language/languageCtrl.js","statementMap":{"0":{"start":{"line":3,"column":21},"end":{"line":3,"column":50}},"1":{"start":{"line":5,"column":22},"end":{"line":5,"column":60}},"2":{"start":{"line":7,"column":14},"end":{"line":7,"column":31}},"3":{"start":{"line":9,"column":15},"end":{"line":9,"column":46}},"4":{"start":{"line":11,"column":39},"end":{"line":11,"column":93}},"5":{"start":{"line":13,"column":0},"end":{"line":24,"column":2}},"6":{"start":{"line":14,"column":2},"end":{"line":23,"column":5}},"7":{"start":{"line":15,"column":4},"end":{"line":20,"column":5}},"8":{"start":{"line":16,"column":6},"end":{"line":16,"column":50}},"9":{"start":{"line":18,"column":6},"end":{"line":18,"column":30}},"10":{"start":{"line":19,"column":6},"end":{"line":19,"column":13}},"11":{"start":{"line":22,"column":4},"end":{"line":22,"column":14}},"12":{"start":{"line":26,"column":0},"end":{"line":34,"column":2}},"13":{"start":{"line":27,"column":20},"end":{"line":27,"column":28}},"14":{"start":{"line":29,"column":2},"end":{"line":33,"column":5}},"15":{"start":{"line":30,"column":4},"end":{"line":30,"column":23}},"16":{"start":{"line":32,"column":4},"end":{"line":32,"column":14}},"17":{"start":{"line":36,"column":0},"end":{"line":45,"column":2}},"18":{"start":{"line":40,"column":2},"end":{"line":44,"column":5}},"19":{"start":{"line":41,"column":4},"end":{"line":41,"column":24}},"20":{"start":{"line":43,"column":4},"end":{"line":43,"column":14}},"21":{"start":{"line":47,"column":0},"end":{"line":50,"column":2}},"22":{"start":{"line":48,"column":17},"end":{"line":48,"column":29}},"23":{"start":{"line":49,"column":2},"end":{"line":49,"column":21}},"24":{"start":{"line":52,"column":0},"end":{"line":65,"column":2}},"25":{"start":{"line":53,"column":17},"end":{"line":53,"column":29}},"26":{"start":{"line":54,"column":15},"end":{"line":54,"column":23}},"27":{"start":{"line":56,"column":14},"end":{"line":56,"column":54}},"28":{"start":{"line":58,"column":2},"end":{"line":64,"column":5}},"29":{"start":{"line":59,"column":4},"end":{"line":63,"column":5}},"30":{"start":{"line":60,"column":6},"end":{"line":60,"column":16}},"31":{"start":{"line":62,"column":6},"end":{"line":62,"column":22}},"32":{"start":{"line":67,"column":0},"end":{"line":75,"column":2}},"33":{"start":{"line":68,"column":2},"end":{"line":74,"column":5}},"34":{"start":{"line":69,"column":4},"end":{"line":73,"column":5}},"35":{"start":{"line":70,"column":6},"end":{"line":70,"column":16}},"36":{"start":{"line":72,"column":6},"end":{"line":72,"column":24}}},"fnMap":{"0":{"name":"_interopRequireDefault","decl":{"start":{"line":11,"column":9},"end":{"line":11,"column":31}},"loc":{"start":{"line":11,"column":37},"end":{"line":11,"column":95}},"line":11},"1":{"name":"(anonymous_1)","decl":{"start":{"line":13,"column":17},"end":{"line":13,"column":18}},"loc":{"start":{"line":13,"column":47},"end":{"line":24,"column":1}},"line":13},"2":{"name":"(anonymous_2)","decl":{"start":{"line":14,"column":44},"end":{"line":14,"column":45}},"loc":{"start":{"line":14,"column":64},"end":{"line":21,"column":3}},"line":14},"3":{"name":"(anonymous_3)","decl":{"start":{"line":21,"column":5},"end":{"line":21,"column":6}},"loc":{"start":{"line":21,"column":20},"end":{"line":23,"column":3}},"line":21},"4":{"name":"(anonymous_4)","decl":{"start":{"line":26,"column":15},"end":{"line":26,"column":16}},"loc":{"start":{"line":26,"column":41},"end":{"line":34,"column":1}},"line":26},"5":{"name":"(anonymous_5)","decl":{"start":{"line":29,"column":51},"end":{"line":29,"column":52}},"loc":{"start":{"line":29,"column":71},"end":{"line":31,"column":3}},"line":29},"6":{"name":"(anonymous_6)","decl":{"start":{"line":31,"column":5},"end":{"line":31,"column":6}},"loc":{"start":{"line":31,"column":20},"end":{"line":33,"column":3}},"line":31},"7":{"name":"(anonymous_7)","decl":{"start":{"line":36,"column":14},"end":{"line":36,"column":15}},"loc":{"start":{"line":36,"column":40},"end":{"line":45,"column":1}},"line":36},"8":{"name":"(anonymous_8)","decl":{"start":{"line":40,"column":38},"end":{"line":40,"column":39}},"loc":{"start":{"line":40,"column":59},"end":{"line":42,"column":3}},"line":40},"9":{"name":"(anonymous_9)","decl":{"start":{"line":42,"column":5},"end":{"line":42,"column":6}},"loc":{"start":{"line":42,"column":20},"end":{"line":44,"column":3}},"line":42},"10":{"name":"(anonymous_10)","decl":{"start":{"line":47,"column":17},"end":{"line":47,"column":18}},"loc":{"start":{"line":47,"column":43},"end":{"line":50,"column":1}},"line":47},"11":{"name":"(anonymous_11)","decl":{"start":{"line":52,"column":17},"end":{"line":52,"column":18}},"loc":{"start":{"line":52,"column":43},"end":{"line":65,"column":1}},"line":52},"12":{"name":"(anonymous_12)","decl":{"start":{"line":58,"column":16},"end":{"line":58,"column":17}},"loc":{"start":{"line":58,"column":38},"end":{"line":64,"column":3}},"line":58},"13":{"name":"(anonymous_13)","decl":{"start":{"line":67,"column":17},"end":{"line":67,"column":18}},"loc":{"start":{"line":67,"column":43},"end":{"line":75,"column":1}},"line":67},"14":{"name":"(anonymous_14)","decl":{"start":{"line":68,"column":22},"end":{"line":68,"column":23}},"loc":{"start":{"line":68,"column":46},"end":{"line":74,"column":3}},"line":68}},"branchMap":{"0":{"loc":{"start":{"line":11,"column":46},"end":{"line":11,"column":92}},"type":"cond-expr","locations":[{"start":{"line":11,"column":70},"end":{"line":11,"column":73}},{"start":{"line":11,"column":76},"end":{"line":11,"column":92}}],"line":11},"1":{"loc":{"start":{"line":11,"column":46},"end":{"line":11,"column":67}},"type":"binary-expr","locations":[{"start":{"line":11,"column":46},"end":{"line":11,"column":49}},{"start":{"line":11,"column":53},"end":{"line":11,"column":67}}],"line":11},"2":{"loc":{"start":{"line":15,"column":4},"end":{"line":20,"column":5}},"type":"if","locations":[{"start":{"line":15,"column":4},"end":{"line":20,"column":5}},{"start":{"line":15,"column":4},"end":{"line":20,"column":5}}],"line":15},"3":{"loc":{"start":{"line":59,"column":4},"end":{"line":63,"column":5}},"type":"if","locations":[{"start":{"line":59,"column":4},"end":{"line":63,"column":5}},{"start":{"line":59,"column":4},"end":{"line":63,"column":5}}],"line":59},"4":{"loc":{"start":{"line":69,"column":4},"end":{"line":73,"column":5}},"type":"if","locations":[{"start":{"line":69,"column":4},"end":{"line":73,"column":5}},{"start":{"line":69,"column":4},"end":{"line":73,"column":5}}],"line":69}},"s":{"0":1,"1":1,"2":1,"3":1,"4":2,"5":1,"6":0,"7":0,"8":0,"9":0,"10":0,"11":0,"12":1,"13":0,"14":0,"15":0,"16":0,"17":1,"18":0,"19":0,"20":0,"21":1,"22":0,"23":0,"24":1,"25":0,"26":0,"27":0,"28":0,"29":0,"30":0,"31":0,"32":1,"33":0,"34":0,"35":0,"36":0},"f":{"0":2,"1":0,"2":0,"3":0,"4":0,"5":0,"6":0,"7":0,"8":0,"9":0,"10":0,"11":0,"12":0,"13":0,"14":0},"b":{"0":[0,2],"1":[2,2],"2":[0,0],"3":[0,0],"4":[0,0]},"_coverageSchema":"332fd63041d2c1bcb487cc26dd0d5f7d97098a6c","hash":"2dd63ea32f96e8214a60dfb63cbad3e0c44fbec6"}
,"/var/www/html/utter/server/dist/api/language/languageModel.js": {"path":"/var/www/html/utter/server/dist/api/language/languageModel.js","statementMap":{"0":{"start":{"line":3,"column":16},"end":{"line":3,"column":35}},"1":{"start":{"line":5,"column":17},"end":{"line":5,"column":50}},"2":{"start":{"line":7,"column":39},"end":{"line":7,"column":93}},"3":{"start":{"line":9,"column":21},"end":{"line":22,"column":2}},"4":{"start":{"line":24,"column":0},"end":{"line":24,"column":70}}},"fnMap":{"0":{"name":"_interopRequireDefault","decl":{"start":{"line":7,"column":9},"end":{"line":7,"column":31}},"loc":{"start":{"line":7,"column":37},"end":{"line":7,"column":95}},"line":7}},"branchMap":{"0":{"loc":{"start":{"line":7,"column":46},"end":{"line":7,"column":92}},"type":"cond-expr","locations":[{"start":{"line":7,"column":70},"end":{"line":7,"column":73}},{"start":{"line":7,"column":76},"end":{"line":7,"column":92}}],"line":7},"1":{"loc":{"start":{"line":7,"column":46},"end":{"line":7,"column":67}},"type":"binary-expr","locations":[{"start":{"line":7,"column":46},"end":{"line":7,"column":49}},{"start":{"line":7,"column":53},"end":{"line":7,"column":67}}],"line":7}},"s":{"0":1,"1":1,"2":1,"3":1,"4":1},"f":{"0":1},"b":{"0":[0,1],"1":[1,1]},"_coverageSchema":"332fd63041d2c1bcb487cc26dd0d5f7d97098a6c","hash":"2416405ef4743e3ea7801154dbba1cbadaf171a6"}
,"/var/www/html/utter/server/dist/api/language/languageRoutes.js": {"path":"/var/www/html/utter/server/dist/api/language/languageRoutes.js","statementMap":{"0":{"start":{"line":3,"column":15},"end":{"line":3,"column":33}},"1":{"start":{"line":5,"column":16},"end":{"line":5,"column":48}},"2":{"start":{"line":7,"column":20},"end":{"line":7,"column":48}},"3":{"start":{"line":9,"column":21},"end":{"line":9,"column":58}},"4":{"start":{"line":11,"column":20},"end":{"line":11,"column":57}},"5":{"start":{"line":13,"column":21},"end":{"line":13,"column":58}},"6":{"start":{"line":15,"column":39},"end":{"line":15,"column":93}},"7":{"start":{"line":17,"column":13},"end":{"line":17,"column":39}},"8":{"start":{"line":20,"column":0},"end":{"line":20,"column":60}},"9":{"start":{"line":22,"column":0},"end":{"line":22,"column":24}}},"fnMap":{"0":{"name":"_interopRequireDefault","decl":{"start":{"line":15,"column":9},"end":{"line":15,"column":31}},"loc":{"start":{"line":15,"column":37},"end":{"line":15,"column":95}},"line":15}},"branchMap":{"0":{"loc":{"start":{"line":15,"column":46},"end":{"line":15,"column":92}},"type":"cond-expr","locations":[{"start":{"line":15,"column":70},"end":{"line":15,"column":73}},{"start":{"line":15,"column":76},"end":{"line":15,"column":92}}],"line":15},"1":{"loc":{"start":{"line":15,"column":46},"end":{"line":15,"column":67}},"type":"binary-expr","locations":[{"start":{"line":15,"column":46},"end":{"line":15,"column":49}},{"start":{"line":15,"column":53},"end":{"line":15,"column":67}}],"line":15}},"s":{"0":1,"1":1,"2":1,"3":1,"4":1,"5":1,"6":3,"7":1,"8":1,"9":1},"f":{"0":3},"b":{"0":[0,3],"1":[3,3]},"_coverageSchema":"332fd63041d2c1bcb487cc26dd0d5f7d97098a6c","hash":"456edf94897e63e19d0841212c8a7d8f54934277"}
,"/var/www/html/utter/server/dist/api/user/userCtrl.js": {"path":"/var/www/html/utter/server/dist/api/user/userCtrl.js","statementMap":{"0":{"start":{"line":3,"column":17},"end":{"line":3,"column":42}},"1":{"start":{"line":5,"column":18},"end":{"line":5,"column":52}},"2":{"start":{"line":7,"column":14},"end":{"line":7,"column":31}},"3":{"start":{"line":9,"column":15},"end":{"line":9,"column":46}},"4":{"start":{"line":11,"column":15},"end":{"line":11,"column":40}},"5":{"start":{"line":13,"column":16},"end":{"line":13,"column":48}},"6":{"start":{"line":15,"column":12},"end":{"line":15,"column":38}},"7":{"start":{"line":17,"column":13},"end":{"line":17,"column":42}},"8":{"start":{"line":19,"column":39},"end":{"line":19,"column":93}},"9":{"start":{"line":21,"column":16},"end":{"line":21,"column":40}},"10":{"start":{"line":23,"column":0},"end":{"line":34,"column":2}},"11":{"start":{"line":24,"column":2},"end":{"line":33,"column":5}},"12":{"start":{"line":25,"column":4},"end":{"line":30,"column":5}},"13":{"start":{"line":26,"column":6},"end":{"line":26,"column":46}},"14":{"start":{"line":28,"column":6},"end":{"line":28,"column":22}},"15":{"start":{"line":29,"column":6},"end":{"line":29,"column":13}},"16":{"start":{"line":32,"column":4},"end":{"line":32,"column":14}},"17":{"start":{"line":36,"column":0},"end":{"line":44,"column":2}},"18":{"start":{"line":37,"column":2},"end":{"line":43,"column":5}},"19":{"start":{"line":38,"column":4},"end":{"line":40,"column":8}},"20":{"start":{"line":39,"column":6},"end":{"line":39,"column":27}},"21":{"start":{"line":42,"column":4},"end":{"line":42,"column":14}},"22":{"start":{"line":46,"column":0},"end":{"line":49,"column":2}},"23":{"start":{"line":47,"column":13},"end":{"line":47,"column":21}},"24":{"start":{"line":48,"column":2},"end":{"line":48,"column":17}},"25":{"start":{"line":51,"column":0},"end":{"line":64,"column":2}},"26":{"start":{"line":52,"column":13},"end":{"line":52,"column":21}},"27":{"start":{"line":53,"column":15},"end":{"line":53,"column":23}},"28":{"start":{"line":55,"column":2},"end":{"line":55,"column":39}},"29":{"start":{"line":57,"column":2},"end":{"line":63,"column":5}},"30":{"start":{"line":58,"column":4},"end":{"line":62,"column":5}},"31":{"start":{"line":59,"column":6},"end":{"line":59,"column":16}},"32":{"start":{"line":61,"column":6},"end":{"line":61,"column":31}},"33":{"start":{"line":66,"column":0},"end":{"line":79,"column":2}},"34":{"start":{"line":67,"column":16},"end":{"line":67,"column":49}},"35":{"start":{"line":69,"column":2},"end":{"line":69,"column":69}},"36":{"start":{"line":71,"column":2},"end":{"line":78,"column":5}},"37":{"start":{"line":72,"column":4},"end":{"line":74,"column":5}},"38":{"start":{"line":73,"column":6},"end":{"line":73,"column":23}},"39":{"start":{"line":76,"column":16},"end":{"line":76,"column":38}},"40":{"start":{"line":77,"column":4},"end":{"line":77,"column":31}},"41":{"start":{"line":81,"column":0},"end":{"line":89,"column":2}},"42":{"start":{"line":82,"column":2},"end":{"line":88,"column":5}},"43":{"start":{"line":83,"column":4},"end":{"line":87,"column":5}},"44":{"start":{"line":84,"column":6},"end":{"line":84,"column":16}},"45":{"start":{"line":86,"column":6},"end":{"line":86,"column":24}}},"fnMap":{"0":{"name":"_interopRequireDefault","decl":{"start":{"line":19,"column":9},"end":{"line":19,"column":31}},"loc":{"start":{"line":19,"column":37},"end":{"line":19,"column":95}},"line":19},"1":{"name":"(anonymous_1)","decl":{"start":{"line":23,"column":17},"end":{"line":23,"column":18}},"loc":{"start":{"line":23,"column":47},"end":{"line":34,"column":1}},"line":23},"2":{"name":"(anonymous_2)","decl":{"start":{"line":24,"column":40},"end":{"line":24,"column":41}},"loc":{"start":{"line":24,"column":56},"end":{"line":31,"column":3}},"line":24},"3":{"name":"(anonymous_3)","decl":{"start":{"line":31,"column":5},"end":{"line":31,"column":6}},"loc":{"start":{"line":31,"column":20},"end":{"line":33,"column":3}},"line":31},"4":{"name":"(anonymous_4)","decl":{"start":{"line":36,"column":14},"end":{"line":36,"column":15}},"loc":{"start":{"line":36,"column":40},"end":{"line":44,"column":1}},"line":36},"5":{"name":"(anonymous_5)","decl":{"start":{"line":37,"column":63},"end":{"line":37,"column":64}},"loc":{"start":{"line":37,"column":80},"end":{"line":41,"column":3}},"line":37},"6":{"name":"(anonymous_6)","decl":{"start":{"line":38,"column":23},"end":{"line":38,"column":24}},"loc":{"start":{"line":38,"column":39},"end":{"line":40,"column":5}},"line":38},"7":{"name":"(anonymous_7)","decl":{"start":{"line":41,"column":5},"end":{"line":41,"column":6}},"loc":{"start":{"line":41,"column":20},"end":{"line":43,"column":3}},"line":41},"8":{"name":"(anonymous_8)","decl":{"start":{"line":46,"column":17},"end":{"line":46,"column":18}},"loc":{"start":{"line":46,"column":43},"end":{"line":49,"column":1}},"line":46},"9":{"name":"(anonymous_9)","decl":{"start":{"line":51,"column":17},"end":{"line":51,"column":18}},"loc":{"start":{"line":51,"column":43},"end":{"line":64,"column":1}},"line":51},"10":{"name":"(anonymous_10)","decl":{"start":{"line":57,"column":12},"end":{"line":57,"column":13}},"loc":{"start":{"line":57,"column":34},"end":{"line":63,"column":3}},"line":57},"11":{"name":"(anonymous_11)","decl":{"start":{"line":66,"column":15},"end":{"line":66,"column":16}},"loc":{"start":{"line":66,"column":41},"end":{"line":79,"column":1}},"line":66},"12":{"name":"(anonymous_12)","decl":{"start":{"line":71,"column":15},"end":{"line":71,"column":16}},"loc":{"start":{"line":71,"column":36},"end":{"line":78,"column":3}},"line":71},"13":{"name":"(anonymous_13)","decl":{"start":{"line":81,"column":17},"end":{"line":81,"column":18}},"loc":{"start":{"line":81,"column":43},"end":{"line":89,"column":1}},"line":81},"14":{"name":"(anonymous_14)","decl":{"start":{"line":82,"column":18},"end":{"line":82,"column":19}},"loc":{"start":{"line":82,"column":42},"end":{"line":88,"column":3}},"line":82}},"branchMap":{"0":{"loc":{"start":{"line":19,"column":46},"end":{"line":19,"column":92}},"type":"cond-expr","locations":[{"start":{"line":19,"column":70},"end":{"line":19,"column":73}},{"start":{"line":19,"column":76},"end":{"line":19,"column":92}}],"line":19},"1":{"loc":{"start":{"line":19,"column":46},"end":{"line":19,"column":67}},"type":"binary-expr","locations":[{"start":{"line":19,"column":46},"end":{"line":19,"column":49}},{"start":{"line":19,"column":53},"end":{"line":19,"column":67}}],"line":19},"2":{"loc":{"start":{"line":25,"column":4},"end":{"line":30,"column":5}},"type":"if","locations":[{"start":{"line":25,"column":4},"end":{"line":30,"column":5}},{"start":{"line":25,"column":4},"end":{"line":30,"column":5}}],"line":25},"3":{"loc":{"start":{"line":58,"column":4},"end":{"line":62,"column":5}},"type":"if","locations":[{"start":{"line":58,"column":4},"end":{"line":62,"column":5}},{"start":{"line":58,"column":4},"end":{"line":62,"column":5}}],"line":58},"4":{"loc":{"start":{"line":72,"column":4},"end":{"line":74,"column":5}},"type":"if","locations":[{"start":{"line":72,"column":4},"end":{"line":74,"column":5}},{"start":{"line":72,"column":4},"end":{"line":74,"column":5}}],"line":72},"5":{"loc":{"start":{"line":83,"column":4},"end":{"line":87,"column":5}},"type":"if","locations":[{"start":{"line":83,"column":4},"end":{"line":87,"column":5}},{"start":{"line":83,"column":4},"end":{"line":87,"column":5}}],"line":83}},"s":{"0":1,"1":1,"2":1,"3":1,"4":1,"5":1,"6":1,"7":1,"8":4,"9":1,"10":1,"11":0,"12":0,"13":0,"14":0,"15":0,"16":0,"17":1,"18":0,"19":0,"20":0,"21":0,"22":1,"23":0,"24":0,"25":1,"26":0,"27":0,"28":0,"29":0,"30":0,"31":0,"32":0,"33":1,"34":0,"35":0,"36":0,"37":0,"38":0,"39":0,"40":0,"41":1,"42":0,"43":0,"44":0,"45":0},"f":{"0":4,"1":0,"2":0,"3":0,"4":0,"5":0,"6":0,"7":0,"8":0,"9":0,"10":0,"11":0,"12":0,"13":0,"14":0},"b":{"0":[0,4],"1":[4,4],"2":[0,0],"3":[0,0],"4":[0,0],"5":[0,0]},"_coverageSchema":"332fd63041d2c1bcb487cc26dd0d5f7d97098a6c","hash":"90da203ebea0c3da8eabab0ccccdffb822bb6402"}
,"/var/www/html/utter/server/dist/api/user/userModel.js": {"path":"/var/www/html/utter/server/dist/api/user/userModel.js","statementMap":{"0":{"start":{"line":3,"column":16},"end":{"line":3,"column":35}},"1":{"start":{"line":5,"column":17},"end":{"line":5,"column":50}},"2":{"start":{"line":7,"column":31},"end":{"line":7,"column":67}},"3":{"start":{"line":9,"column":32},"end":{"line":9,"column":80}},"4":{"start":{"line":11,"column":14},"end":{"line":11,"column":31}},"5":{"start":{"line":13,"column":15},"end":{"line":13,"column":46}},"6":{"start":{"line":15,"column":14},"end":{"line":15,"column":31}},"7":{"start":{"line":17,"column":15},"end":{"line":17,"column":46}},"8":{"start":{"line":19,"column":20},"end":{"line":19,"column":43}},"9":{"start":{"line":21,"column":21},"end":{"line":21,"column":58}},"10":{"start":{"line":23,"column":14},"end":{"line":23,"column":47}},"11":{"start":{"line":25,"column":15},"end":{"line":25,"column":46}},"12":{"start":{"line":27,"column":39},"end":{"line":27,"column":93}},"13":{"start":{"line":29,"column":17},"end":{"line":58,"column":24}},"14":{"start":{"line":61,"column":0},"end":{"line":65,"column":3}},"15":{"start":{"line":62,"column":2},"end":{"line":62,"column":50}},"16":{"start":{"line":62,"column":36},"end":{"line":62,"column":50}},"17":{"start":{"line":63,"column":2},"end":{"line":63,"column":54}},"18":{"start":{"line":64,"column":2},"end":{"line":64,"column":9}},"19":{"start":{"line":67,"column":0},"end":{"line":110,"column":2}},"20":{"start":{"line":70,"column":4},"end":{"line":70,"column":69}},"21":{"start":{"line":75,"column":4},"end":{"line":80,"column":5}},"22":{"start":{"line":76,"column":6},"end":{"line":76,"column":16}},"23":{"start":{"line":78,"column":17},"end":{"line":78,"column":49}},"24":{"start":{"line":79,"column":6},"end":{"line":79,"column":59}},"25":{"start":{"line":110,"column":2},"end":{"line":110,"column":89}},"26":{"start":{"line":112,"column":0},"end":{"line":112,"column":62}}},"fnMap":{"0":{"name":"_interopRequireDefault","decl":{"start":{"line":27,"column":9},"end":{"line":27,"column":31}},"loc":{"start":{"line":27,"column":37},"end":{"line":27,"column":95}},"line":27},"1":{"name":"(anonymous_1)","decl":{"start":{"line":61,"column":23},"end":{"line":61,"column":24}},"loc":{"start":{"line":61,"column":39},"end":{"line":65,"column":1}},"line":61},"2":{"name":"authenticate","decl":{"start":{"line":69,"column":25},"end":{"line":69,"column":37}},"loc":{"start":{"line":69,"column":52},"end":{"line":71,"column":3}},"line":69},"3":{"name":"encryptPassword","decl":{"start":{"line":74,"column":28},"end":{"line":74,"column":43}},"loc":{"start":{"line":74,"column":58},"end":{"line":81,"column":3}},"line":74}},"branchMap":{"0":{"loc":{"start":{"line":27,"column":46},"end":{"line":27,"column":92}},"type":"cond-expr","locations":[{"start":{"line":27,"column":70},"end":{"line":27,"column":73}},{"start":{"line":27,"column":76},"end":{"line":27,"column":92}}],"line":27},"1":{"loc":{"start":{"line":27,"column":46},"end":{"line":27,"column":67}},"type":"binary-expr","locations":[{"start":{"line":27,"column":46},"end":{"line":27,"column":49}},{"start":{"line":27,"column":53},"end":{"line":27,"column":67}}],"line":27},"2":{"loc":{"start":{"line":62,"column":2},"end":{"line":62,"column":50}},"type":"if","locations":[{"start":{"line":62,"column":2},"end":{"line":62,"column":50}},{"start":{"line":62,"column":2},"end":{"line":62,"column":50}}],"line":62},"3":{"loc":{"start":{"line":75,"column":4},"end":{"line":80,"column":5}},"type":"if","locations":[{"start":{"line":75,"column":4},"end":{"line":80,"column":5}},{"start":{"line":75,"column":4},"end":{"line":80,"column":5}}],"line":75}},"s":{"0":1,"1":1,"2":1,"3":1,"4":1,"5":1,"6":1,"7":1,"8":1,"9":1,"10":1,"11":1,"12":6,"13":1,"14":1,"15":0,"16":0,"17":0,"18":0,"19":1,"20":0,"21":0,"22":0,"23":0,"24":0,"25":1,"26":1},"f":{"0":6,"1":0,"2":0,"3":0},"b":{"0":[0,6],"1":[6,6],"2":[0,0],"3":[0,0]},"_coverageSchema":"332fd63041d2c1bcb487cc26dd0d5f7d97098a6c","hash":"4bfeb0ac8cd7cf766fc23a5a5bebf2b1dc360fb0"}
,"/var/www/html/utter/server/dist/api/user/userRoutes.js": {"path":"/var/www/html/utter/server/dist/api/user/userRoutes.js","statementMap":{"0":{"start":{"line":3,"column":15},"end":{"line":3,"column":33}},"1":{"start":{"line":5,"column":16},"end":{"line":5,"column":48}},"2":{"start":{"line":7,"column":16},"end":{"line":7,"column":40}},"3":{"start":{"line":9,"column":17},"end":{"line":9,"column":50}},"4":{"start":{"line":11,"column":20},"end":{"line":11,"column":57}},"5":{"start":{"line":13,"column":21},"end":{"line":13,"column":58}},"6":{"start":{"line":15,"column":39},"end":{"line":15,"column":93}},"7":{"start":{"line":17,"column":13},"end":{"line":17,"column":39}},"8":{"start":{"line":20,"column":0},"end":{"line":20,"column":56}},"9":{"start":{"line":22,"column":0},"end":{"line":22,"column":24}}},"fnMap":{"0":{"name":"_interopRequireDefault","decl":{"start":{"line":15,"column":9},"end":{"line":15,"column":31}},"loc":{"start":{"line":15,"column":37},"end":{"line":15,"column":95}},"line":15}},"branchMap":{"0":{"loc":{"start":{"line":15,"column":46},"end":{"line":15,"column":92}},"type":"cond-expr","locations":[{"start":{"line":15,"column":70},"end":{"line":15,"column":73}},{"start":{"line":15,"column":76},"end":{"line":15,"column":92}}],"line":15},"1":{"loc":{"start":{"line":15,"column":46},"end":{"line":15,"column":67}},"type":"binary-expr","locations":[{"start":{"line":15,"column":46},"end":{"line":15,"column":49}},{"start":{"line":15,"column":53},"end":{"line":15,"column":67}}],"line":15}},"s":{"0":1,"1":1,"2":1,"3":1,"4":1,"5":1,"6":3,"7":1,"8":1,"9":1},"f":{"0":3},"b":{"0":[0,3],"1":[3,3]},"_coverageSchema":"332fd63041d2c1bcb487cc26dd0d5f7d97098a6c","hash":"182967116e132e354dfddce61435bd0a5c6d901f"}
,"/var/www/html/utter/server/dist/api/zone/zoneCtrl.js": {"path":"/var/www/html/utter/server/dist/api/zone/zoneCtrl.js","statementMap":{"0":{"start":{"line":3,"column":17},"end":{"line":3,"column":42}},"1":{"start":{"line":5,"column":18},"end":{"line":5,"column":52}},"2":{"start":{"line":7,"column":14},"end":{"line":7,"column":31}},"3":{"start":{"line":9,"column":15},"end":{"line":9,"column":46}},"4":{"start":{"line":11,"column":15},"end":{"line":11,"column":40}},"5":{"start":{"line":13,"column":16},"end":{"line":13,"column":48}},"6":{"start":{"line":15,"column":12},"end":{"line":15,"column":38}},"7":{"start":{"line":17,"column":13},"end":{"line":17,"column":42}},"8":{"start":{"line":19,"column":39},"end":{"line":19,"column":93}},"9":{"start":{"line":21,"column":16},"end":{"line":21,"column":40}},"10":{"start":{"line":23,"column":0},"end":{"line":34,"column":2}},"11":{"start":{"line":24,"column":2},"end":{"line":33,"column":5}},"12":{"start":{"line":25,"column":4},"end":{"line":30,"column":5}},"13":{"start":{"line":26,"column":6},"end":{"line":26,"column":46}},"14":{"start":{"line":28,"column":6},"end":{"line":28,"column":22}},"15":{"start":{"line":29,"column":6},"end":{"line":29,"column":13}},"16":{"start":{"line":32,"column":4},"end":{"line":32,"column":14}},"17":{"start":{"line":36,"column":0},"end":{"line":42,"column":2}},"18":{"start":{"line":37,"column":2},"end":{"line":41,"column":5}},"19":{"start":{"line":38,"column":4},"end":{"line":38,"column":30}},"20":{"start":{"line":40,"column":4},"end":{"line":40,"column":14}},"21":{"start":{"line":44,"column":0},"end":{"line":47,"column":2}},"22":{"start":{"line":45,"column":13},"end":{"line":45,"column":21}},"23":{"start":{"line":46,"column":2},"end":{"line":46,"column":27}},"24":{"start":{"line":49,"column":0},"end":{"line":62,"column":2}},"25":{"start":{"line":50,"column":13},"end":{"line":50,"column":21}},"26":{"start":{"line":51,"column":15},"end":{"line":51,"column":23}},"27":{"start":{"line":53,"column":2},"end":{"line":53,"column":39}},"28":{"start":{"line":55,"column":2},"end":{"line":61,"column":5}},"29":{"start":{"line":56,"column":4},"end":{"line":58,"column":5}},"30":{"start":{"line":57,"column":6},"end":{"line":57,"column":16}},"31":{"start":{"line":60,"column":4},"end":{"line":60,"column":20}},"32":{"start":{"line":64,"column":0},"end":{"line":82,"column":2}},"33":{"start":{"line":65,"column":2},"end":{"line":67,"column":3}},"34":{"start":{"line":66,"column":13},"end":{"line":66,"column":19}},"35":{"start":{"line":68,"column":13},"end":{"line":68,"column":33}},"36":{"start":{"line":69,"column":12},"end":{"line":69,"column":27}},"37":{"start":{"line":70,"column":16},"end":{"line":70,"column":18}},"38":{"start":{"line":71,"column":2},"end":{"line":73,"column":5}},"39":{"start":{"line":72,"column":4},"end":{"line":72,"column":33}},"40":{"start":{"line":75,"column":2},"end":{"line":75,"column":33}},"41":{"start":{"line":77,"column":2},"end":{"line":81,"column":5}},"42":{"start":{"line":78,"column":4},"end":{"line":78,"column":19}},"43":{"start":{"line":80,"column":4},"end":{"line":80,"column":14}},"44":{"start":{"line":83,"column":0},"end":{"line":91,"column":2}},"45":{"start":{"line":84,"column":2},"end":{"line":90,"column":5}},"46":{"start":{"line":85,"column":4},"end":{"line":89,"column":5}},"47":{"start":{"line":86,"column":6},"end":{"line":86,"column":16}},"48":{"start":{"line":88,"column":6},"end":{"line":88,"column":24}}},"fnMap":{"0":{"name":"_interopRequireDefault","decl":{"start":{"line":19,"column":9},"end":{"line":19,"column":31}},"loc":{"start":{"line":19,"column":37},"end":{"line":19,"column":95}},"line":19},"1":{"name":"(anonymous_1)","decl":{"start":{"line":23,"column":17},"end":{"line":23,"column":18}},"loc":{"start":{"line":23,"column":47},"end":{"line":34,"column":1}},"line":23},"2":{"name":"(anonymous_2)","decl":{"start":{"line":24,"column":40},"end":{"line":24,"column":41}},"loc":{"start":{"line":24,"column":56},"end":{"line":31,"column":3}},"line":24},"3":{"name":"(anonymous_3)","decl":{"start":{"line":31,"column":5},"end":{"line":31,"column":6}},"loc":{"start":{"line":31,"column":20},"end":{"line":33,"column":3}},"line":31},"4":{"name":"(anonymous_4)","decl":{"start":{"line":36,"column":14},"end":{"line":36,"column":15}},"loc":{"start":{"line":36,"column":40},"end":{"line":42,"column":1}},"line":36},"5":{"name":"(anonymous_5)","decl":{"start":{"line":37,"column":36},"end":{"line":37,"column":37}},"loc":{"start":{"line":37,"column":53},"end":{"line":39,"column":3}},"line":37},"6":{"name":"(anonymous_6)","decl":{"start":{"line":39,"column":5},"end":{"line":39,"column":6}},"loc":{"start":{"line":39,"column":20},"end":{"line":41,"column":3}},"line":39},"7":{"name":"(anonymous_7)","decl":{"start":{"line":44,"column":17},"end":{"line":44,"column":18}},"loc":{"start":{"line":44,"column":43},"end":{"line":47,"column":1}},"line":44},"8":{"name":"(anonymous_8)","decl":{"start":{"line":49,"column":17},"end":{"line":49,"column":18}},"loc":{"start":{"line":49,"column":43},"end":{"line":62,"column":1}},"line":49},"9":{"name":"(anonymous_9)","decl":{"start":{"line":55,"column":12},"end":{"line":55,"column":13}},"loc":{"start":{"line":55,"column":34},"end":{"line":61,"column":3}},"line":55},"10":{"name":"(anonymous_10)","decl":{"start":{"line":64,"column":15},"end":{"line":64,"column":16}},"loc":{"start":{"line":64,"column":41},"end":{"line":82,"column":1}},"line":64},"11":{"name":"(anonymous_11)","decl":{"start":{"line":71,"column":14},"end":{"line":71,"column":15}},"loc":{"start":{"line":71,"column":33},"end":{"line":73,"column":3}},"line":71},"12":{"name":"(anonymous_12)","decl":{"start":{"line":77,"column":44},"end":{"line":77,"column":45}},"loc":{"start":{"line":77,"column":60},"end":{"line":79,"column":3}},"line":77},"13":{"name":"(anonymous_13)","decl":{"start":{"line":79,"column":5},"end":{"line":79,"column":6}},"loc":{"start":{"line":79,"column":20},"end":{"line":81,"column":3}},"line":79},"14":{"name":"(anonymous_14)","decl":{"start":{"line":83,"column":17},"end":{"line":83,"column":18}},"loc":{"start":{"line":83,"column":43},"end":{"line":91,"column":1}},"line":83},"15":{"name":"(anonymous_15)","decl":{"start":{"line":84,"column":18},"end":{"line":84,"column":19}},"loc":{"start":{"line":84,"column":42},"end":{"line":90,"column":3}},"line":84}},"branchMap":{"0":{"loc":{"start":{"line":19,"column":46},"end":{"line":19,"column":92}},"type":"cond-expr","locations":[{"start":{"line":19,"column":70},"end":{"line":19,"column":73}},{"start":{"line":19,"column":76},"end":{"line":19,"column":92}}],"line":19},"1":{"loc":{"start":{"line":19,"column":46},"end":{"line":19,"column":67}},"type":"binary-expr","locations":[{"start":{"line":19,"column":46},"end":{"line":19,"column":49}},{"start":{"line":19,"column":53},"end":{"line":19,"column":67}}],"line":19},"2":{"loc":{"start":{"line":25,"column":4},"end":{"line":30,"column":5}},"type":"if","locations":[{"start":{"line":25,"column":4},"end":{"line":30,"column":5}},{"start":{"line":25,"column":4},"end":{"line":30,"column":5}}],"line":25},"3":{"loc":{"start":{"line":56,"column":4},"end":{"line":58,"column":5}},"type":"if","locations":[{"start":{"line":56,"column":4},"end":{"line":58,"column":5}},{"start":{"line":56,"column":4},"end":{"line":58,"column":5}}],"line":56},"4":{"loc":{"start":{"line":65,"column":2},"end":{"line":67,"column":3}},"type":"if","locations":[{"start":{"line":65,"column":2},"end":{"line":67,"column":3}},{"start":{"line":65,"column":2},"end":{"line":67,"column":3}}],"line":65},"5":{"loc":{"start":{"line":85,"column":4},"end":{"line":89,"column":5}},"type":"if","locations":[{"start":{"line":85,"column":4},"end":{"line":89,"column":5}},{"start":{"line":85,"column":4},"end":{"line":89,"column":5}}],"line":85}},"s":{"0":1,"1":1,"2":1,"3":1,"4":1,"5":1,"6":1,"7":1,"8":4,"9":1,"10":1,"11":0,"12":0,"13":0,"14":0,"15":0,"16":0,"17":1,"18":0,"19":0,"20":0,"21":1,"22":0,"23":0,"24":1,"25":0,"26":0,"27":0,"28":0,"29":0,"30":0,"31":0,"32":1,"33":0,"34":0,"35":0,"36":0,"37":0,"38":0,"39":0,"40":0,"41":0,"42":0,"43":0,"44":1,"45":0,"46":0,"47":0,"48":0},"f":{"0":4,"1":0,"2":0,"3":0,"4":0,"5":0,"6":0,"7":0,"8":0,"9":0,"10":0,"11":0,"12":0,"13":0,"14":0,"15":0},"b":{"0":[0,4],"1":[4,4],"2":[0,0],"3":[0,0],"4":[0,0],"5":[0,0]},"_coverageSchema":"332fd63041d2c1bcb487cc26dd0d5f7d97098a6c","hash":"dd67641f847ffd10a84be771f82b9072288f68a2"}
,"/var/www/html/utter/server/dist/api/zone/zoneModel.js": {"path":"/var/www/html/utter/server/dist/api/zone/zoneModel.js","statementMap":{"0":{"start":{"line":3,"column":16},"end":{"line":3,"column":35}},"1":{"start":{"line":5,"column":17},"end":{"line":5,"column":50}},"2":{"start":{"line":7,"column":31},"end":{"line":7,"column":67}},"3":{"start":{"line":9,"column":32},"end":{"line":9,"column":80}},"4":{"start":{"line":11,"column":14},"end":{"line":11,"column":31}},"5":{"start":{"line":13,"column":15},"end":{"line":13,"column":46}},"6":{"start":{"line":15,"column":14},"end":{"line":15,"column":31}},"7":{"start":{"line":17,"column":15},"end":{"line":17,"column":46}},"8":{"start":{"line":19,"column":20},"end":{"line":19,"column":43}},"9":{"start":{"line":21,"column":21},"end":{"line":21,"column":58}},"10":{"start":{"line":23,"column":14},"end":{"line":23,"column":47}},"11":{"start":{"line":25,"column":15},"end":{"line":25,"column":46}},"12":{"start":{"line":27,"column":39},"end":{"line":27,"column":93}},"13":{"start":{"line":29,"column":17},"end":{"line":46,"column":2}},"14":{"start":{"line":48,"column":0},"end":{"line":48,"column":62}}},"fnMap":{"0":{"name":"_interopRequireDefault","decl":{"start":{"line":27,"column":9},"end":{"line":27,"column":31}},"loc":{"start":{"line":27,"column":37},"end":{"line":27,"column":95}},"line":27}},"branchMap":{"0":{"loc":{"start":{"line":27,"column":46},"end":{"line":27,"column":92}},"type":"cond-expr","locations":[{"start":{"line":27,"column":70},"end":{"line":27,"column":73}},{"start":{"line":27,"column":76},"end":{"line":27,"column":92}}],"line":27},"1":{"loc":{"start":{"line":27,"column":46},"end":{"line":27,"column":67}},"type":"binary-expr","locations":[{"start":{"line":27,"column":46},"end":{"line":27,"column":49}},{"start":{"line":27,"column":53},"end":{"line":27,"column":67}}],"line":27}},"s":{"0":1,"1":1,"2":1,"3":1,"4":1,"5":1,"6":1,"7":1,"8":1,"9":1,"10":1,"11":1,"12":6,"13":1,"14":1},"f":{"0":6},"b":{"0":[0,6],"1":[6,6]},"_coverageSchema":"332fd63041d2c1bcb487cc26dd0d5f7d97098a6c","hash":"9e8caf088333b6f54d86bc99c1458b5a7beb0636"}
,"/var/www/html/utter/server/dist/api/zone/zoneRoutes.js": {"path":"/var/www/html/utter/server/dist/api/zone/zoneRoutes.js","statementMap":{"0":{"start":{"line":3,"column":15},"end":{"line":3,"column":33}},"1":{"start":{"line":5,"column":16},"end":{"line":5,"column":48}},"2":{"start":{"line":7,"column":16},"end":{"line":7,"column":40}},"3":{"start":{"line":9,"column":17},"end":{"line":9,"column":50}},"4":{"start":{"line":11,"column":20},"end":{"line":11,"column":57}},"5":{"start":{"line":13,"column":21},"end":{"line":13,"column":58}},"6":{"start":{"line":15,"column":39},"end":{"line":15,"column":93}},"7":{"start":{"line":17,"column":13},"end":{"line":17,"column":39}},"8":{"start":{"line":19,"column":0},"end":{"line":19,"column":56}},"9":{"start":{"line":28,"column":0},"end":{"line":28,"column":24}}},"fnMap":{"0":{"name":"_interopRequireDefault","decl":{"start":{"line":15,"column":9},"end":{"line":15,"column":31}},"loc":{"start":{"line":15,"column":37},"end":{"line":15,"column":95}},"line":15}},"branchMap":{"0":{"loc":{"start":{"line":15,"column":46},"end":{"line":15,"column":92}},"type":"cond-expr","locations":[{"start":{"line":15,"column":70},"end":{"line":15,"column":73}},{"start":{"line":15,"column":76},"end":{"line":15,"column":92}}],"line":15},"1":{"loc":{"start":{"line":15,"column":46},"end":{"line":15,"column":67}},"type":"binary-expr","locations":[{"start":{"line":15,"column":46},"end":{"line":15,"column":49}},{"start":{"line":15,"column":53},"end":{"line":15,"column":67}}],"line":15}},"s":{"0":1,"1":1,"2":1,"3":1,"4":1,"5":1,"6":3,"7":1,"8":1,"9":1},"f":{"0":3},"b":{"0":[0,3],"1":[3,3]},"_coverageSchema":"332fd63041d2c1bcb487cc26dd0d5f7d97098a6c","hash":"cdd0f41b50d6fbf088c43b7f14f287bd117a0ca6"}
[...]
,"/var/www/html/utter/server/dist/config/config.js": {"path":"/var/www/html/utter/server/dist/config/config.js","statementMap":{"0":{"start":{"line":3,"column":14},"end":{"line":3,"column":31}},"1":{"start":{"line":5,"column":15},"end":{"line":5,"column":46}},"2":{"start":{"line":7,"column":11},"end":{"line":7,"column":30}},"3":{"start":{"line":9,"column":12},"end":{"line":9,"column":40}},"4":{"start":{"line":11,"column":39},"end":{"line":11,"column":93}},"5":{"start":{"line":14,"column":13},"end":{"line":25,"column":1}},"6":{"start":{"line":25,"column":2},"end":{"line":25,"column":60}},"7":{"start":{"line":28,"column":0},"end":{"line":28,"column":34}},"8":{"start":{"line":32,"column":0},"end":{"line":37,"column":1}},"9":{"start":{"line":33,"column":2},"end":{"line":33,"column":41}},"10":{"start":{"line":34,"column":2},"end":{"line":34,"column":30}},"11":{"start":{"line":36,"column":2},"end":{"line":36,"column":17}},"12":{"start":{"line":40,"column":0},"end":{"line":40,"column":65}}},"fnMap":{"0":{"name":"_interopRequireDefault","decl":{"start":{"line":11,"column":9},"end":{"line":11,"column":31}},"loc":{"start":{"line":11,"column":37},"end":{"line":11,"column":95}},"line":11}},"branchMap":{"0":{"loc":{"start":{"line":11,"column":46},"end":{"line":11,"column":92}},"type":"cond-expr","locations":[{"start":{"line":11,"column":70},"end":{"line":11,"column":73}},{"start":{"line":11,"column":76},"end":{"line":11,"column":92}}],"line":11},"1":{"loc":{"start":{"line":11,"column":46},"end":{"line":11,"column":67}},"type":"binary-expr","locations":[{"start":{"line":11,"column":46},"end":{"line":11,"column":49}},{"start":{"line":11,"column":53},"end":{"line":11,"column":67}}],"line":11},"2":{"loc":{"start":{"line":18,"column":8},"end":{"line":18,"column":32}},"type":"binary-expr","locations":[{"start":{"line":18,"column":8},"end":{"line":18,"column":24}},{"start":{"line":18,"column":28},"end":{"line":18,"column":32}}],"line":18},"3":{"loc":{"start":{"line":21,"column":9},"end":{"line":21,"column":37}},"type":"binary-expr","locations":[{"start":{"line":21,"column":9},"end":{"line":21,"column":24}},{"start":{"line":21,"column":28},"end":{"line":21,"column":37}}],"line":21},"4":{"loc":{"start":{"line":25,"column":25},"end":{"line":25,"column":59}},"type":"binary-expr","locations":[{"start":{"line":25,"column":25},"end":{"line":25,"column":45}},{"start":{"line":25,"column":49},"end":{"line":25,"column":59}}],"line":25},"5":{"loc":{"start":{"line":34,"column":14},"end":{"line":34,"column":29}},"type":"binary-expr","locations":[{"start":{"line":34,"column":14},"end":{"line":34,"column":23}},{"start":{"line":34,"column":27},"end":{"line":34,"column":29}}],"line":34},"6":{"loc":{"start":{"line":40,"column":48},"end":{"line":40,"column":63}},"type":"binary-expr","locations":[{"start":{"line":40,"column":48},"end":{"line":40,"column":57}},{"start":{"line":40,"column":61},"end":{"line":40,"column":63}}],"line":40}},"s":{"0":1,"1":1,"2":1,"3":1,"4":2,"5":1,"6":1,"7":1,"8":1,"9":1,"10":1,"11":0,"12":1},"f":{"0":2},"b":{"0":[1,1],"1":[2,2],"2":[1,1],"3":[1,1],"4":[1,1],"5":[1,0],"6":[1,0]},"_coverageSchema":"332fd63041d2c1bcb487cc26dd0d5f7d97098a6c","hash":"fd2ddf40ee8fda025849ca81ba4b01a26e053923"}
,"/var/www/html/utter/server/dist/config/development.js": {"path":"/var/www/html/utter/server/dist/config/development.js","statementMap":{"0":{"start":{"line":3,"column":0},"end":{"line":9,"column":2}}},"fnMap":{},"branchMap":{},"s":{"0":1},"f":{},"b":{},"_coverageSchema":"332fd63041d2c1bcb487cc26dd0d5f7d97098a6c","hash":"5343e1bf1d138f173933e858fbae05e543100013"}
,"/var/www/html/utter/server/dist/config/pwd.js": {"path":"/var/www/html/utter/server/dist/config/pwd.js","statementMap":{"0":{"start":{"line":3,"column":0},"end":{"line":5,"column":3}},"1":{"start":{"line":6,"column":0},"end":{"line":9,"column":2}}},"fnMap":{},"branchMap":{},"s":{"0":1,"1":1},"f":{},"b":{},"_coverageSchema":"332fd63041d2c1bcb487cc26dd0d5f7d97098a6c","hash":"9b8c7ec7a6717e56d84dbaab5bc78e2f28bdc1cd"}
,"/var/www/html/utter/server/dist/middleware/appMiddleware.js": {"path":"/var/www/html/utter/server/dist/middleware/appMiddleware.js","statementMap":{"0":{"start":{"line":3,"column":14},"end":{"line":3,"column":31}},"1":{"start":{"line":5,"column":15},"end":{"line":5,"column":46}},"2":{"start":{"line":7,"column":18},"end":{"line":7,"column":40}},"3":{"start":{"line":9,"column":19},"end":{"line":9,"column":54}},"4":{"start":{"line":11,"column":12},"end":{"line":11,"column":27}},"5":{"start":{"line":13,"column":13},"end":{"line":13,"column":42}},"6":{"start":{"line":15,"column":16},"end":{"line":15,"column":35}},"7":{"start":{"line":17,"column":17},"end":{"line":17,"column":50}},"8":{"start":{"line":19,"column":16},"end":{"line":19,"column":35}},"9":{"start":{"line":21,"column":17},"end":{"line":21,"column":50}},"10":{"start":{"line":23,"column":14},"end":{"line":23,"column":52}},"11":{"start":{"line":25,"column":15},"end":{"line":25,"column":46}},"12":{"start":{"line":27,"column":15},"end":{"line":27,"column":33}},"13":{"start":{"line":29,"column":16},"end":{"line":29,"column":48}},"14":{"start":{"line":31,"column":28},"end":{"line":31,"column":61}},"15":{"start":{"line":33,"column":29},"end":{"line":33,"column":74}},"16":{"start":{"line":35,"column":28},"end":{"line":35,"column":61}},"17":{"start":{"line":37,"column":29},"end":{"line":37,"column":74}},"18":{"start":{"line":39,"column":21},"end":{"line":39,"column":58}},"19":{"start":{"line":41,"column":22},"end":{"line":41,"column":60}},"20":{"start":{"line":43,"column":39},"end":{"line":43,"column":93}},"21":{"start":{"line":46,"column":15},"end":{"line":46,"column":62}},"22":{"start":{"line":48,"column":0},"end":{"line":66,"column":2}},"23":{"start":{"line":49,"column":2},"end":{"line":49,"column":33}},"24":{"start":{"line":50,"column":2},"end":{"line":50,"column":40}},"25":{"start":{"line":51,"column":2},"end":{"line":51,"column":63}},"26":{"start":{"line":52,"column":2},"end":{"line":52,"column":39}},"27":{"start":{"line":53,"column":2},"end":{"line":53,"column":50}},"28":{"start":{"line":65,"column":2},"end":{"line":65,"column":54}}},"fnMap":{"0":{"name":"_interopRequireDefault","decl":{"start":{"line":43,"column":9},"end":{"line":43,"column":31}},"loc":{"start":{"line":43,"column":37},"end":{"line":43,"column":95}},"line":43},"1":{"name":"(anonymous_1)","decl":{"start":{"line":48,"column":17},"end":{"line":48,"column":18}},"loc":{"start":{"line":48,"column":32},"end":{"line":66,"column":1}},"line":48}},"branchMap":{"0":{"loc":{"start":{"line":43,"column":46},"end":{"line":43,"column":92}},"type":"cond-expr","locations":[{"start":{"line":43,"column":70},"end":{"line":43,"column":73}},{"start":{"line":43,"column":76},"end":{"line":43,"column":92}}],"line":43},"1":{"loc":{"start":{"line":43,"column":46},"end":{"line":43,"column":67}},"type":"binary-expr","locations":[{"start":{"line":43,"column":46},"end":{"line":43,"column":49}},{"start":{"line":43,"column":53},"end":{"line":43,"column":67}}],"line":43}},"s":{"0":1,"1":1,"2":1,"3":1,"4":1,"5":1,"6":1,"7":1,"8":1,"9":1,"10":1,"11":1,"12":1,"13":1,"14":1,"15":1,"16":1,"17":1,"18":1,"19":1,"20":10,"21":1,"22":1,"23":1,"24":1,"25":1,"26":1,"27":1,"28":1},"f":{"0":10,"1":1},"b":{"0":[0,10],"1":[10,10]},"_coverageSchema":"332fd63041d2c1bcb487cc26dd0d5f7d97098a6c","hash":"94b9a7689c9b30bf1f514bd55f3b562eda5cf27f"}
,"/var/www/html/utter/server/dist/middleware/error.js": {"path":"/var/www/html/utter/server/dist/middleware/error.js","statementMap":{"0":{"start":{"line":3,"column":0},"end":{"line":6,"column":2}},"1":{"start":{"line":4,"column":2},"end":{"line":4,"column":19}},"2":{"start":{"line":5,"column":2},"end":{"line":5,"column":28}}},"fnMap":{"0":{"name":"(anonymous_0)","decl":{"start":{"line":3,"column":17},"end":{"line":3,"column":18}},"loc":{"start":{"line":3,"column":48},"end":{"line":6,"column":1}},"line":3}},"branchMap":{},"s":{"0":1,"1":0,"2":0},"f":{"0":0},"b":{},"_coverageSchema":"332fd63041d2c1bcb487cc26dd0d5f7d97098a6c","hash":"d378bc2afa1ee67d12f179be683634f861ec6152"}
,"/var/www/html/utter/server/dist/util/createRoutes.js": {"path":"/var/www/html/utter/server/dist/util/createRoutes.js","statementMap":{"0":{"start":{"line":3,"column":0},"end":{"line":9,"column":2}},"1":{"start":{"line":4,"column":2},"end":{"line":4,"column":40}},"2":{"start":{"line":6,"column":2},"end":{"line":6,"column":62}},"3":{"start":{"line":8,"column":2},"end":{"line":8,"column":95}}},"fnMap":{"0":{"name":"(anonymous_0)","decl":{"start":{"line":3,"column":17},"end":{"line":3,"column":18}},"loc":{"start":{"line":3,"column":47},"end":{"line":9,"column":1}},"line":3}},"branchMap":{},"s":{"0":1,"1":4,"2":4,"3":4},"f":{"0":4},"b":{},"_coverageSchema":"332fd63041d2c1bcb487cc26dd0d5f7d97098a6c","hash":"3a4a08265279e4828991020b9695403f4f359dd5"}
,"/var/www/html/utter/server/dist/util/logger.js": {"path":"/var/www/html/utter/server/dist/util/logger.js","statementMap":{"0":{"start":{"line":3,"column":14},"end":{"line":3,"column":268}},"1":{"start":{"line":3,"column":101},"end":{"line":3,"column":119}},"2":{"start":{"line":3,"column":141},"end":{"line":3,"column":266}},"3":{"start":{"line":5,"column":0},"end":{"line":5,"column":18}},"4":{"start":{"line":7,"column":14},"end":{"line":7,"column":31}},"5":{"start":{"line":9,"column":15},"end":{"line":9,"column":46}},"6":{"start":{"line":11,"column":14},"end":{"line":11,"column":41}},"7":{"start":{"line":13,"column":15},"end":{"line":13,"column":46}},"8":{"start":{"line":15,"column":39},"end":{"line":15,"column":93}},"9":{"start":{"line":18,"column":11},"end":{"line":18,"column":29}},"10":{"start":{"line":21,"column":17},"end":{"line":21,"column":76}},"11":{"start":{"line":41,"column":13},"end":{"line":72,"column":1}},"12":{"start":{"line":43,"column":14},"end":{"line":43,"column":33}},"13":{"start":{"line":46,"column":15},"end":{"line":55,"column":6}},"14":{"start":{"line":47,"column":6},"end":{"line":54,"column":7}},"15":{"start":{"line":50,"column":21},"end":{"line":50,"column":49}},"16":{"start":{"line":51,"column":8},"end":{"line":51,"column":40}},"17":{"start":{"line":53,"column":8},"end":{"line":53,"column":37}},"18":{"start":{"line":60,"column":4},"end":{"line":60,"column":36}},"19":{"start":{"line":63,"column":15},"end":{"line":68,"column":6}},"20":{"start":{"line":64,"column":6},"end":{"line":64,"column":29}},"21":{"start":{"line":65,"column":17},"end":{"line":65,"column":44}},"22":{"start":{"line":66,"column":16},"end":{"line":66,"column":44}},"23":{"start":{"line":67,"column":6},"end":{"line":67,"column":17}},"24":{"start":{"line":70,"column":4},"end":{"line":70,"column":36}},"25":{"start":{"line":74,"column":0},"end":{"line":74,"column":24}}},"fnMap":{"0":{"name":"(anonymous_0)","decl":{"start":{"line":3,"column":84},"end":{"line":3,"column":85}},"loc":{"start":{"line":3,"column":99},"end":{"line":3,"column":121}},"line":3},"1":{"name":"(anonymous_1)","decl":{"start":{"line":3,"column":124},"end":{"line":3,"column":125}},"loc":{"start":{"line":3,"column":139},"end":{"line":3,"column":268}},"line":3},"2":{"name":"_interopRequireDefault","decl":{"start":{"line":15,"column":9},"end":{"line":15,"column":31}},"loc":{"start":{"line":15,"column":37},"end":{"line":15,"column":95}},"line":15},"3":{"name":"noop","decl":{"start":{"line":18,"column":20},"end":{"line":18,"column":24}},"loc":{"start":{"line":18,"column":27},"end":{"line":18,"column":29}},"line":18},"4":{"name":"log","decl":{"start":{"line":42,"column":16},"end":{"line":42,"column":19}},"loc":{"start":{"line":42,"column":22},"end":{"line":61,"column":3}},"line":42},"5":{"name":"(anonymous_5)","decl":{"start":{"line":46,"column":55},"end":{"line":46,"column":56}},"loc":{"start":{"line":46,"column":70},"end":{"line":55,"column":5}},"line":46},"6":{"name":"error","decl":{"start":{"line":62,"column":18},"end":{"line":62,"column":23}},"loc":{"start":{"line":62,"column":26},"end":{"line":71,"column":3}},"line":62},"7":{"name":"(anonymous_7)","decl":{"start":{"line":63,"column":55},"end":{"line":63,"column":56}},"loc":{"start":{"line":63,"column":70},"end":{"line":68,"column":5}},"line":63}},"branchMap":{"0":{"loc":{"start":{"line":3,"column":14},"end":{"line":3,"column":268}},"type":"cond-expr","locations":[{"start":{"line":3,"column":84},"end":{"line":3,"column":121}},{"start":{"line":3,"column":124},"end":{"line":3,"column":268}}],"line":3},"1":{"loc":{"start":{"line":3,"column":14},"end":{"line":3,"column":81}},"type":"binary-expr","locations":[{"start":{"line":3,"column":14},"end":{"line":3,"column":42}},{"start":{"line":3,"column":46},"end":{"line":3,"column":81}}],"line":3},"2":{"loc":{"start":{"line":3,"column":148},"end":{"line":3,"column":265}},"type":"cond-expr","locations":[{"start":{"line":3,"column":244},"end":{"line":3,"column":252}},{"start":{"line":3,"column":255},"end":{"line":3,"column":265}}],"line":3},"3":{"loc":{"start":{"line":3,"column":148},"end":{"line":3,"column":241}},"type":"binary-expr","locations":[{"start":{"line":3,"column":148},"end":{"line":3,"column":151}},{"start":{"line":3,"column":155},"end":{"line":3,"column":183}},{"start":{"line":3,"column":187},"end":{"line":3,"column":213}},{"start":{"line":3,"column":217},"end":{"line":3,"column":241}}],"line":3},"4":{"loc":{"start":{"line":15,"column":46},"end":{"line":15,"column":92}},"type":"cond-expr","locations":[{"start":{"line":15,"column":70},"end":{"line":15,"column":73}},{"start":{"line":15,"column":76},"end":{"line":15,"column":92}}],"line":15},"5":{"loc":{"start":{"line":15,"column":46},"end":{"line":15,"column":67}},"type":"binary-expr","locations":[{"start":{"line":15,"column":46},"end":{"line":15,"column":49}},{"start":{"line":15,"column":53},"end":{"line":15,"column":67}}],"line":15},"6":{"loc":{"start":{"line":21,"column":17},"end":{"line":21,"column":76}},"type":"cond-expr","locations":[{"start":{"line":21,"column":44},"end":{"line":21,"column":69}},{"start":{"line":21,"column":72},"end":{"line":21,"column":76}}],"line":21},"7":{"loc":{"start":{"line":47,"column":6},"end":{"line":54,"column":7}},"type":"if","locations":[{"start":{"line":47,"column":6},"end":{"line":54,"column":7}},{"start":{"line":47,"column":6},"end":{"line":54,"column":7}}],"line":47},"8":{"loc":{"start":{"line":47,"column":11},"end":{"line":47,"column":66}},"type":"cond-expr","locations":[{"start":{"line":47,"column":40},"end":{"line":47,"column":51}},{"start":{"line":47,"column":54},"end":{"line":47,"column":66}}],"line":47},"9":{"loc":{"start":{"line":64,"column":12},"end":{"line":64,"column":28}},"type":"binary-expr","locations":[{"start":{"line":64,"column":12},"end":{"line":64,"column":21}},{"start":{"line":64,"column":25},"end":{"line":64,"column":28}}],"line":64},"10":{"loc":{"start":{"line":65,"column":17},"end":{"line":65,"column":44}},"type":"binary-expr","locations":[{"start":{"line":65,"column":17},"end":{"line":65,"column":25}},{"start":{"line":65,"column":29},"end":{"line":65,"column":44}}],"line":65}},"s":{"0":1,"1":0,"2":0,"3":1,"4":1,"5":1,"6":1,"7":1,"8":2,"9":1,"10":1,"11":1,"12":0,"13":0,"14":0,"15":0,"16":0,"17":0,"18":0,"19":0,"20":0,"21":0,"22":0,"23":0,"24":0,"25":1},"f":{"0":0,"1":0,"2":2,"3":0,"4":0,"5":0,"6":0,"7":0},"b":{"0":[1,0],"1":[1,1],"2":[0,0],"3":[0,0,0,0],"4":[0,2],"5":[2,2],"6":[1,0],"7":[0,0],"8":[0,0],"9":[0,0],"10":[0,0]},"_coverageSchema":"332fd63041d2c1bcb487cc26dd0d5f7d97098a6c","hash":"29f5056d9980fb3c4df18065762204f97c99509e"}
,"/var/www/html/utter/server/dist/util/mail.js": {"path":"/var/www/html/utter/server/dist/util/mail.js","statementMap":{"0":{"start":{"line":3,"column":15},"end":{"line":3,"column":33}},"1":{"start":{"line":5,"column":16},"end":{"line":5,"column":48}},"2":{"start":{"line":7,"column":14},"end":{"line":7,"column":31}},"3":{"start":{"line":9,"column":15},"end":{"line":9,"column":46}},"4":{"start":{"line":11,"column":39},"end":{"line":11,"column":93}},"5":{"start":{"line":13,"column":17},"end":{"line":13,"column":43}},"6":{"start":{"line":15,"column":0},"end":{"line":38,"column":3}},"7":{"start":{"line":16,"column":20},"end":{"line":22,"column":4}},"8":{"start":{"line":24,"column":20},"end":{"line":29,"column":3}},"9":{"start":{"line":31,"column":2},"end":{"line":37,"column":5}},"10":{"start":{"line":32,"column":4},"end":{"line":36,"column":5}},"11":{"start":{"line":33,"column":6},"end":{"line":33,"column":25}},"12":{"start":{"line":35,"column":6},"end":{"line":35,"column":50}},"13":{"start":{"line":40,"column":0},"end":{"line":40,"column":28}}},"fnMap":{"0":{"name":"_interopRequireDefault","decl":{"start":{"line":11,"column":9},"end":{"line":11,"column":31}},"loc":{"start":{"line":11,"column":37},"end":{"line":11,"column":95}},"line":11},"1":{"name":"(anonymous_1)","decl":{"start":{"line":15,"column":21},"end":{"line":15,"column":22}},"loc":{"start":{"line":15,"column":41},"end":{"line":38,"column":1}},"line":15},"2":{"name":"(anonymous_2)","decl":{"start":{"line":31,"column":36},"end":{"line":31,"column":37}},"loc":{"start":{"line":31,"column":59},"end":{"line":37,"column":3}},"line":31}},"branchMap":{"0":{"loc":{"start":{"line":11,"column":46},"end":{"line":11,"column":92}},"type":"cond-expr","locations":[{"start":{"line":11,"column":70},"end":{"line":11,"column":73}},{"start":{"line":11,"column":76},"end":{"line":11,"column":92}}],"line":11},"1":{"loc":{"start":{"line":11,"column":46},"end":{"line":11,"column":67}},"type":"binary-expr","locations":[{"start":{"line":11,"column":46},"end":{"line":11,"column":49}},{"start":{"line":11,"column":53},"end":{"line":11,"column":67}}],"line":11},"2":{"loc":{"start":{"line":32,"column":4},"end":{"line":36,"column":5}},"type":"if","locations":[{"start":{"line":32,"column":4},"end":{"line":36,"column":5}},{"start":{"line":32,"column":4},"end":{"line":36,"column":5}}],"line":32}},"s":{"0":1,"1":1,"2":1,"3":1,"4":2,"5":1,"6":1,"7":0,"8":0,"9":0,"10":0,"11":0,"12":0,"13":1},"f":{"0":2,"1":0,"2":0},"b":{"0":[0,2],"1":[2,2],"2":[0,0]},"_coverageSchema":"332fd63041d2c1bcb487cc26dd0d5f7d97098a6c","hash":"de8f036688fce75a081169f91d191e14458412d3"}
}
