TN:
SF:/var/www/html/utter/webpack.config.js
FNF:0
FNH:0
DA:1,1
DA:3,1
DA:5,1
DA:6,1
DA:7,1
DA:9,1
DA:86,1
DA:107,1
LF:8
LH:8
BRF:0
BRH:0
end_of_record
TN:
SF:/var/www/html/utter/server/dist/lions.js
FN:11,_interopRequireDefault
FN:19,updateID
FN:27,(anonymous_2)
FN:39,(anonymous_3)
FN:41,(anonymous_4)
FN:48,(anonymous_5)
FN:50,(anonymous_6)
FN:65,(anonymous_7)
FNF:8
FNH:8
FNDA:2,_interopRequireDefault
FNDA:1,updateID
FNDA:3,(anonymous_2)
FNDA:1,(anonymous_3)
FNDA:1,(anonymous_4)
FNDA:1,(anonymous_5)
FNDA:1,(anonymous_6)
FNDA:1,(anonymous_7)
DA:3,1
DA:5,1
DA:7,1
DA:9,1
DA:11,2
DA:13,1
DA:15,1
DA:16,1
DA:19,1
DA:20,1
DA:21,1
DA:22,1
DA:24,1
DA:27,1
DA:28,3
DA:29,3
DA:30,3
DA:31,3
DA:32,3
DA:33,3
DA:35,0
DA:39,1
DA:40,1
DA:42,1
DA:44,1
DA:45,1
DA:48,1
DA:49,1
DA:51,1
DA:53,1
DA:54,0
DA:58,1
DA:59,0
DA:61,1
DA:65,1
DA:66,1
DA:67,1
DA:70,1
LF:38
LH:35
BRDA:11,0,0,0
BRDA:11,0,1,2
BRDA:11,1,0,2
BRDA:11,1,1,2
BRDA:20,2,0,1
BRDA:20,2,1,0
BRDA:30,3,0,3
BRDA:30,3,1,0
BRDA:53,4,0,0
BRDA:53,4,1,1
BRDA:58,5,0,0
BRDA:58,5,1,1
BRF:12
BRH:7
end_of_record
TN:
SF:/var/www/html/utter/server/dist/server.js
FN:63,_interopRequireDefault
FN:86,(anonymous_1)
FN:93,(anonymous_2)
FN:101,(anonymous_3)
FN:102,(anonymous_4)
FNF:5
FNH:1
FNDA:15,_interopRequireDefault
FNDA:0,(anonymous_1)
FNDA:0,(anonymous_2)
FNDA:0,(anonymous_3)
FNDA:0,(anonymous_4)
DA:3,1
DA:5,1
DA:7,1
DA:9,1
DA:11,1
DA:13,1
DA:15,1
DA:17,1
DA:19,1
DA:21,1
DA:23,1
DA:25,1
DA:27,1
DA:29,1
DA:31,1
DA:33,1
DA:35,1
DA:37,1
DA:39,1
DA:41,1
DA:43,1
DA:45,1
DA:47,1
DA:49,1
DA:51,1
DA:53,1
DA:55,1
DA:57,1
DA:59,1
DA:61,1
DA:63,15
DA:65,1
DA:70,1
DA:73,1
DA:79,1
DA:80,1
DA:81,1
DA:82,1
DA:83,1
DA:86,1
DA:87,0
DA:88,0
DA:89,0
DA:90,0
DA:93,1
DA:94,0
DA:95,0
DA:96,0
DA:97,0
DA:101,1
DA:102,0
DA:103,0
DA:104,0
DA:115,1
DA:117,1
LF:55
LH:44
BRDA:63,0,0,1
BRDA:63,0,1,14
BRDA:63,1,0,15
BRDA:63,1,1,15
BRDA:103,2,0,0
BRDA:103,2,1,0
BRF:6
BRH:4
end_of_record
TN:
SF:/var/www/html/utter/server/dist/tigers.js
FN:11,_interopRequireDefault
FN:17,updateID
FN:23,(anonymous_2)
FN:31,(anonymous_3)
FN:33,(anonymous_4)
FN:39,(anonymous_5)
FN:41,(anonymous_6)
FN:45,(anonymous_7)
FNF:8
FNH:1
FNDA:2,_interopRequireDefault
FNDA:0,updateID
FNDA:0,(anonymous_2)
FNDA:0,(anonymous_3)
FNDA:0,(anonymous_4)
FNDA:0,(anonymous_5)
FNDA:0,(anonymous_6)
FNDA:0,(anonymous_7)
DA:3,1
DA:5,1
DA:7,1
DA:9,1
DA:11,2
DA:13,1
DA:14,1
DA:15,1
DA:17,1
DA:18,0
DA:19,0
DA:20,0
DA:23,1
DA:24,0
DA:25,0
DA:26,0
DA:27,0
DA:28,0
DA:31,1
DA:32,0
DA:34,0
DA:35,0
DA:36,0
DA:39,1
DA:40,0
DA:42,0
DA:43,0
DA:44,0
DA:46,0
DA:47,0
DA:50,1
LF:31
LH:13
BRDA:11,0,0,0
BRDA:11,0,1,2
BRDA:11,1,0,2
BRDA:11,1,1,2
BRF:4
BRH:3
end_of_record
TN:
SF:/var/www/html/utter/server/dist/api/index.js
FN:27,_interopRequireDefault
FNF:1
FNH:1
FNDA:6,_interopRequireDefault
DA:3,1
DA:5,1
DA:7,1
DA:9,1
DA:11,1
DA:13,1
DA:15,1
DA:17,1
DA:19,1
DA:21,1
DA:23,1
DA:25,1
DA:27,6
DA:29,1
DA:31,1
DA:32,1
DA:33,1
DA:34,1
DA:35,1
DA:37,1
LF:20
LH:20
BRDA:27,0,0,0
BRDA:27,0,1,6
BRDA:27,1,0,6
BRDA:27,1,1,6
BRF:4
BRH:3
end_of_record
TN:
SF:/var/www/html/utter/server/dist/api/comment/commentCtrl.js
FN:19,_interopRequireDefault
FN:23,(anonymous_1)
FN:24,(anonymous_2)
FN:31,(anonymous_3)
FN:36,(anonymous_4)
FN:37,(anonymous_5)
FN:39,(anonymous_6)
FN:44,(anonymous_7)
FN:49,(anonymous_8)
FN:55,(anonymous_9)
FN:63,(anonymous_10)
FN:64,(anonymous_11)
FN:66,(anonymous_12)
FN:70,(anonymous_13)
FN:71,(anonymous_14)
FNF:15
FNH:1
FNDA:4,_interopRequireDefault
FNDA:0,(anonymous_1)
FNDA:0,(anonymous_2)
FNDA:0,(anonymous_3)
FNDA:0,(anonymous_4)
FNDA:0,(anonymous_5)
FNDA:0,(anonymous_6)
FNDA:0,(anonymous_7)
FNDA:0,(anonymous_8)
FNDA:0,(anonymous_9)
FNDA:0,(anonymous_10)
FNDA:0,(anonymous_11)
FNDA:0,(anonymous_12)
FNDA:0,(anonymous_13)
FNDA:0,(anonymous_14)
DA:3,1
DA:5,1
DA:7,1
DA:9,1
DA:11,1
DA:13,1
DA:15,1
DA:17,1
DA:19,4
DA:21,1
DA:23,1
DA:24,0
DA:25,0
DA:26,0
DA:28,0
DA:29,0
DA:32,0
DA:36,1
DA:37,0
DA:38,0
DA:40,0
DA:44,1
DA:45,0
DA:46,0
DA:49,1
DA:50,0
DA:51,0
DA:53,0
DA:55,0
DA:56,0
DA:57,0
DA:59,0
DA:63,1
DA:64,0
DA:65,0
DA:67,0
DA:70,1
DA:71,0
DA:72,0
DA:73,0
DA:75,0
LF:41
LH:16
BRDA:19,0,0,0
BRDA:19,0,1,4
BRDA:19,1,0,4
BRDA:19,1,1,4
BRDA:25,2,0,0
BRDA:25,2,1,0
BRDA:56,3,0,0
BRDA:56,3,1,0
BRDA:72,4,0,0
BRDA:72,4,1,0
BRF:10
BRH:3
end_of_record
TN:
SF:/var/www/html/utter/server/dist/api/comment/commentModel.js
FN:27,_interopRequireDefault
FNF:1
FNH:1
FNDA:6,_interopRequireDefault
DA:3,1
DA:5,1
DA:7,1
DA:9,1
DA:11,1
DA:13,1
DA:15,1
DA:17,1
DA:19,1
DA:21,1
DA:23,1
DA:25,1
DA:27,6
DA:29,1
DA:44,1
LF:15
LH:15
BRDA:27,0,0,0
BRDA:27,0,1,6
BRDA:27,1,0,6
BRDA:27,1,1,6
BRF:4
BRH:3
end_of_record
TN:
SF:/var/www/html/utter/server/dist/api/comment/commentRoutes.js
FN:15,_interopRequireDefault
FNF:1
FNH:1
FNDA:3,_interopRequireDefault
DA:3,1
DA:5,1
DA:7,1
DA:9,1
DA:11,1
DA:13,1
DA:15,3
DA:17,1
DA:19,1
DA:21,1
LF:10
LH:10
BRDA:15,0,0,0
BRDA:15,0,1,3
BRDA:15,1,0,3
BRDA:15,1,1,3
BRF:4
BRH:3
end_of_record
TN:
SF:/var/www/html/utter/server/dist/api/event/eventCtrl.js
FN:19,_interopRequireDefault
FN:23,(anonymous_1)
FN:24,(anonymous_2)
FN:31,(anonymous_3)
FN:36,(anonymous_4)
FN:40,(anonymous_5)
FN:44,(anonymous_6)
FN:48,(anonymous_7)
FN:61,(anonymous_8)
FN:62,(anonymous_9)
FNF:10
FNH:1
FNDA:4,_interopRequireDefault
FNDA:0,(anonymous_1)
FNDA:0,(anonymous_2)
FNDA:0,(anonymous_3)
FNDA:0,(anonymous_4)
FNDA:0,(anonymous_5)
FNDA:0,(anonymous_6)
FNDA:0,(anonymous_7)
FNDA:0,(anonymous_8)
FNDA:0,(anonymous_9)
DA:3,1
DA:5,1
DA:7,1
DA:9,1
DA:11,1
DA:13,1
DA:15,1
DA:17,1
DA:19,4
DA:21,1
DA:23,1
DA:24,0
DA:25,0
DA:26,0
DA:28,0
DA:29,0
DA:32,0
DA:36,1
DA:37,0
DA:40,1
DA:41,0
DA:44,1
DA:45,0
DA:48,1
DA:49,0
DA:61,1
DA:62,0
DA:63,0
DA:64,0
DA:66,0
LF:30
LH:16
BRDA:19,0,0,0
BRDA:19,0,1,4
BRDA:19,1,0,4
BRDA:19,1,1,4
BRDA:25,2,0,0
BRDA:25,2,1,0
BRDA:63,3,0,0
BRDA:63,3,1,0
BRF:8
BRH:3
end_of_record
TN:
SF:/var/www/html/utter/server/dist/api/event/eventModel.js
FN:27,_interopRequireDefault
FN:37,(anonymous_1)
FN:45,authenticate
FN:50,encryptPassword
FNF:4
FNH:1
FNDA:6,_interopRequireDefault
FNDA:0,(anonymous_1)
FNDA:0,authenticate
FNDA:0,encryptPassword
DA:3,1
DA:5,1
DA:7,1
DA:9,1
DA:11,1
DA:13,1
DA:15,1
DA:17,1
DA:19,1
DA:21,1
DA:23,1
DA:25,1
DA:27,6
DA:29,1
DA:37,1
DA:38,0
DA:39,0
DA:40,0
DA:43,1
DA:46,0
DA:51,0
DA:52,0
DA:54,0
DA:55,0
DA:60,1
DA:62,1
LF:26
LH:18
BRDA:27,0,0,0
BRDA:27,0,1,6
BRDA:27,1,0,6
BRDA:27,1,1,6
BRDA:38,2,0,0
BRDA:38,2,1,0
BRDA:51,3,0,0
BRDA:51,3,1,0
BRF:8
BRH:3
end_of_record
TN:
SF:/var/www/html/utter/server/dist/api/event/eventRoutes.js
FN:17,_interopRequireDefault
FN:24,(anonymous_1)
FNF:2
FNH:1
FNDA:3,_interopRequireDefault
FNDA:0,(anonymous_1)
DA:3,1
DA:5,1
DA:7,1
DA:9,1
DA:11,1
DA:13,1
DA:15,1
DA:17,3
DA:19,1
DA:24,1
DA:25,0
DA:30,1
LF:12
LH:11
BRDA:17,0,0,0
BRDA:17,0,1,3
BRDA:17,1,0,3
BRDA:17,1,1,3
BRF:4
BRH:3
end_of_record
TN:
SF:/var/www/html/utter/server/dist/api/language/languageCtrl.js
FN:11,_interopRequireDefault
FN:13,(anonymous_1)
FN:14,(anonymous_2)
FN:21,(anonymous_3)
FN:26,(anonymous_4)
FN:29,(anonymous_5)
FN:31,(anonymous_6)
FN:36,(anonymous_7)
FN:40,(anonymous_8)
FN:42,(anonymous_9)
FN:47,(anonymous_10)
FN:52,(anonymous_11)
FN:58,(anonymous_12)
FN:67,(anonymous_13)
FN:68,(anonymous_14)
FNF:15
FNH:1
FNDA:2,_interopRequireDefault
FNDA:0,(anonymous_1)
FNDA:0,(anonymous_2)
FNDA:0,(anonymous_3)
FNDA:0,(anonymous_4)
FNDA:0,(anonymous_5)
FNDA:0,(anonymous_6)
FNDA:0,(anonymous_7)
FNDA:0,(anonymous_8)
FNDA:0,(anonymous_9)
FNDA:0,(anonymous_10)
FNDA:0,(anonymous_11)
FNDA:0,(anonymous_12)
FNDA:0,(anonymous_13)
FNDA:0,(anonymous_14)
DA:3,1
DA:5,1
DA:7,1
DA:9,1
DA:11,2
DA:13,1
DA:14,0
DA:15,0
DA:16,0
DA:18,0
DA:19,0
DA:22,0
DA:26,1
DA:27,0
DA:29,0
DA:30,0
DA:32,0
DA:36,1
DA:40,0
DA:41,0
DA:43,0
DA:47,1
DA:48,0
DA:49,0
DA:52,1
DA:53,0
DA:54,0
DA:56,0
DA:58,0
DA:59,0
DA:60,0
DA:62,0
DA:67,1
DA:68,0
DA:69,0
DA:70,0
DA:72,0
LF:37
LH:11
BRDA:11,0,0,0
BRDA:11,0,1,2
BRDA:11,1,0,2
BRDA:11,1,1,2
BRDA:15,2,0,0
BRDA:15,2,1,0
BRDA:59,3,0,0
BRDA:59,3,1,0
BRDA:69,4,0,0
BRDA:69,4,1,0
BRF:10
BRH:3
end_of_record
TN:
SF:/var/www/html/utter/server/dist/api/language/languageModel.js
FN:7,_interopRequireDefault
FNF:1
FNH:1
FNDA:1,_interopRequireDefault
DA:3,1
DA:5,1
DA:7,1
DA:9,1
DA:24,1
LF:5
LH:5
BRDA:7,0,0,0
BRDA:7,0,1,1
BRDA:7,1,0,1
BRDA:7,1,1,1
BRF:4
BRH:3
end_of_record
TN:
SF:/var/www/html/utter/server/dist/api/language/languageRoutes.js
FN:15,_interopRequireDefault
FNF:1
FNH:1
FNDA:3,_interopRequireDefault
DA:3,1
DA:5,1
DA:7,1
DA:9,1
DA:11,1
DA:13,1
DA:15,3
DA:17,1
DA:20,1
DA:22,1
LF:10
LH:10
BRDA:15,0,0,0
BRDA:15,0,1,3
BRDA:15,1,0,3
BRDA:15,1,1,3
BRF:4
BRH:3
end_of_record
TN:
SF:/var/www/html/utter/server/dist/api/user/userCtrl.js
FN:19,_interopRequireDefault
FN:23,(anonymous_1)
FN:24,(anonymous_2)
FN:31,(anonymous_3)
FN:36,(anonymous_4)
FN:37,(anonymous_5)
FN:38,(anonymous_6)
FN:41,(anonymous_7)
FN:46,(anonymous_8)
FN:51,(anonymous_9)
FN:57,(anonymous_10)
FN:66,(anonymous_11)
FN:71,(anonymous_12)
FN:81,(anonymous_13)
FN:82,(anonymous_14)
FNF:15
FNH:1
FNDA:4,_interopRequireDefault
FNDA:0,(anonymous_1)
FNDA:0,(anonymous_2)
FNDA:0,(anonymous_3)
FNDA:0,(anonymous_4)
FNDA:0,(anonymous_5)
FNDA:0,(anonymous_6)
FNDA:0,(anonymous_7)
FNDA:0,(anonymous_8)
FNDA:0,(anonymous_9)
FNDA:0,(anonymous_10)
FNDA:0,(anonymous_11)
FNDA:0,(anonymous_12)
FNDA:0,(anonymous_13)
FNDA:0,(anonymous_14)
DA:3,1
DA:5,1
DA:7,1
DA:9,1
DA:11,1
DA:13,1
DA:15,1
DA:17,1
DA:19,4
DA:21,1
DA:23,1
DA:24,0
DA:25,0
DA:26,0
DA:28,0
DA:29,0
DA:32,0
DA:36,1
DA:37,0
DA:38,0
DA:39,0
DA:42,0
DA:46,1
DA:47,0
DA:48,0
DA:51,1
DA:52,0
DA:53,0
DA:55,0
DA:57,0
DA:58,0
DA:59,0
DA:61,0
DA:66,1
DA:67,0
DA:69,0
DA:71,0
DA:72,0
DA:73,0
DA:76,0
DA:77,0
DA:81,1
DA:82,0
DA:83,0
DA:84,0
DA:86,0
LF:46
LH:16
BRDA:19,0,0,0
BRDA:19,0,1,4
BRDA:19,1,0,4
BRDA:19,1,1,4
BRDA:25,2,0,0
BRDA:25,2,1,0
BRDA:58,3,0,0
BRDA:58,3,1,0
BRDA:72,4,0,0
BRDA:72,4,1,0
BRDA:83,5,0,0
BRDA:83,5,1,0
BRF:12
BRH:3
end_of_record
TN:
SF:/var/www/html/utter/server/dist/api/user/userModel.js
FN:27,_interopRequireDefault
FN:61,(anonymous_1)
FN:69,authenticate
FN:74,encryptPassword
FNF:4
FNH:1
FNDA:6,_interopRequireDefault
FNDA:0,(anonymous_1)
FNDA:0,authenticate
FNDA:0,encryptPassword
DA:3,1
DA:5,1
DA:7,1
DA:9,1
DA:11,1
DA:13,1
DA:15,1
DA:17,1
DA:19,1
DA:21,1
DA:23,1
DA:25,1
DA:27,6
DA:29,1
DA:61,1
DA:62,0
DA:63,0
DA:64,0
DA:67,1
DA:70,0
DA:75,0
DA:76,0
DA:78,0
DA:79,0
DA:110,1
DA:112,1
LF:26
LH:18
BRDA:27,0,0,0
BRDA:27,0,1,6
BRDA:27,1,0,6
BRDA:27,1,1,6
BRDA:62,2,0,0
BRDA:62,2,1,0
BRDA:75,3,0,0
BRDA:75,3,1,0
BRF:8
BRH:3
end_of_record
TN:
SF:/var/www/html/utter/server/dist/api/user/userRoutes.js
FN:15,_interopRequireDefault
FNF:1
FNH:1
FNDA:3,_interopRequireDefault
DA:3,1
DA:5,1
DA:7,1
DA:9,1
DA:11,1
DA:13,1
DA:15,3
DA:17,1
DA:20,1
DA:22,1
LF:10
LH:10
BRDA:15,0,0,0
BRDA:15,0,1,3
BRDA:15,1,0,3
BRDA:15,1,1,3
BRF:4
BRH:3
end_of_record
TN:
SF:/var/www/html/utter/server/dist/api/zone/zoneCtrl.js
FN:19,_interopRequireDefault
FN:23,(anonymous_1)
FN:24,(anonymous_2)
FN:31,(anonymous_3)
FN:36,(anonymous_4)
FN:37,(anonymous_5)
FN:39,(anonymous_6)
FN:44,(anonymous_7)
FN:49,(anonymous_8)
FN:55,(anonymous_9)
FN:64,(anonymous_10)
FN:71,(anonymous_11)
FN:77,(anonymous_12)
FN:79,(anonymous_13)
FN:83,(anonymous_14)
FN:84,(anonymous_15)
FNF:16
FNH:1
FNDA:4,_interopRequireDefault
FNDA:0,(anonymous_1)
FNDA:0,(anonymous_2)
FNDA:0,(anonymous_3)
FNDA:0,(anonymous_4)
FNDA:0,(anonymous_5)
FNDA:0,(anonymous_6)
FNDA:0,(anonymous_7)
FNDA:0,(anonymous_8)
FNDA:0,(anonymous_9)
FNDA:0,(anonymous_10)
FNDA:0,(anonymous_11)
FNDA:0,(anonymous_12)
FNDA:0,(anonymous_13)
FNDA:0,(anonymous_14)
FNDA:0,(anonymous_15)
DA:3,1
DA:5,1
DA:7,1
DA:9,1
DA:11,1
DA:13,1
DA:15,1
DA:17,1
DA:19,4
DA:21,1
DA:23,1
DA:24,0
DA:25,0
DA:26,0
DA:28,0
DA:29,0
DA:32,0
DA:36,1
DA:37,0
DA:38,0
DA:40,0
DA:44,1
DA:45,0
DA:46,0
DA:49,1
DA:50,0
DA:51,0
DA:53,0
DA:55,0
DA:56,0
DA:57,0
DA:60,0
DA:64,1
DA:65,0
DA:66,0
DA:68,0
DA:69,0
DA:70,0
DA:71,0
DA:72,0
DA:75,0
DA:77,0
DA:78,0
DA:80,0
DA:83,1
DA:84,0
DA:85,0
DA:86,0
DA:88,0
LF:49
LH:16
BRDA:19,0,0,0
BRDA:19,0,1,4
BRDA:19,1,0,4
BRDA:19,1,1,4
BRDA:25,2,0,0
BRDA:25,2,1,0
BRDA:56,3,0,0
BRDA:56,3,1,0
BRDA:65,4,0,0
BRDA:65,4,1,0
BRDA:85,5,0,0
BRDA:85,5,1,0
BRF:12
BRH:3
end_of_record
TN:
SF:/var/www/html/utter/server/dist/api/zone/zoneModel.js
FN:27,_interopRequireDefault
FNF:1
FNH:1
FNDA:6,_interopRequireDefault
DA:3,1
DA:5,1
DA:7,1
DA:9,1
DA:11,1
DA:13,1
DA:15,1
DA:17,1
DA:19,1
DA:21,1
DA:23,1
DA:25,1
DA:27,6
DA:29,1
DA:48,1
LF:15
LH:15
BRDA:27,0,0,0
BRDA:27,0,1,6
BRDA:27,1,0,6
BRDA:27,1,1,6
BRF:4
BRH:3
end_of_record
TN:
SF:/var/www/html/utter/server/dist/api/zone/zoneRoutes.js
FN:15,_interopRequireDefault
FNF:1
FNH:1
FNDA:3,_interopRequireDefault
DA:3,1
DA:5,1
DA:7,1
DA:9,1
DA:11,1
DA:13,1
DA:15,3
DA:17,1
DA:19,1
DA:28,1
LF:10
LH:10
BRDA:15,0,0,0
BRDA:15,0,1,3
BRDA:15,1,0,3
BRDA:15,1,1,3
BRF:4
BRH:3
end_of_record
TN:
SF:/var/www/html/utter/server/dist/auth/auth.js
FN:19,_interopRequireDefault
FN:23,(anonymous_1)
FN:24,(anonymous_2)
FN:37,(anonymous_3)
FN:38,(anonymous_4)
FN:44,(anonymous_5)
FN:45,(anonymous_6)
FN:56,(anonymous_7)
FN:70,(anonymous_8)
FN:77,(anonymous_9)
FN:85,(anonymous_10)
FN:91,(anonymous_11)
FN:97,(anonymous_12)
FN:110,(anonymous_13)
FNF:14
FNH:2
FNDA:4,_interopRequireDefault
FNDA:0,(anonymous_1)
FNDA:0,(anonymous_2)
FNDA:0,(anonymous_3)
FNDA:0,(anonymous_4)
FNDA:1,(anonymous_5)
FNDA:0,(anonymous_6)
FNDA:0,(anonymous_7)
FNDA:0,(anonymous_8)
FNDA:0,(anonymous_9)
FNDA:0,(anonymous_10)
FNDA:0,(anonymous_11)
FNDA:0,(anonymous_12)
FNDA:0,(anonymous_13)
DA:3,1
DA:5,1
DA:7,1
DA:9,1
DA:11,1
DA:13,1
DA:15,1
DA:17,1
DA:19,4
DA:21,1
DA:23,1
DA:24,0
DA:28,0
DA:29,0
DA:33,0
DA:37,1
DA:38,0
DA:44,1
DA:45,1
DA:46,0
DA:47,0
DA:48,0
DA:50,0
DA:52,0
DA:53,0
DA:56,0
DA:57,0
DA:58,0
DA:61,0
DA:62,0
DA:66,0
DA:67,0
DA:71,0
DA:77,1
DA:78,0
DA:79,0
DA:80,0
DA:81,0
DA:84,0
DA:85,0
DA:86,0
DA:87,0
DA:91,0
DA:92,0
DA:93,0
DA:95,0
DA:96,0
DA:98,0
DA:103,0
DA:110,1
DA:111,0
LF:51
LH:16
BRDA:19,0,0,0
BRDA:19,0,1,4
BRDA:19,1,0,4
BRDA:19,1,1,4
BRDA:28,2,0,0
BRDA:28,2,1,0
BRDA:28,3,0,0
BRDA:28,3,1,0
BRDA:50,4,0,0
BRDA:50,4,1,0
BRDA:52,5,0,0
BRDA:52,5,1,0
BRDA:52,6,0,0
BRDA:52,6,1,0
BRDA:57,7,0,0
BRDA:57,7,1,0
BRDA:61,8,0,0
BRDA:61,8,1,0
BRDA:80,9,0,0
BRDA:80,9,1,0
BRDA:84,10,0,0
BRDA:84,10,1,0
BRDA:86,11,0,0
BRDA:86,11,1,0
BRDA:92,12,0,0
BRDA:92,12,1,0
BRF:26
BRH:3
end_of_record
TN:
SF:/var/www/html/utter/server/dist/auth/controller.js
FN:11,_interopRequireDefault
FN:15,(anonymous_1)
FNF:2
FNH:1
FNDA:2,_interopRequireDefault
FNDA:0,(anonymous_1)
DA:3,1
DA:5,1
DA:7,1
DA:9,1
DA:11,2
DA:13,1
DA:15,1
DA:18,0
DA:19,0
LF:9
LH:7
BRDA:11,0,0,0
BRDA:11,0,1,2
BRDA:11,1,0,2
BRDA:11,1,1,2
BRF:4
BRH:3
end_of_record
TN:
SF:/var/www/html/utter/server/dist/auth/routes.js
FN:23,_interopRequireDefault
FNF:1
FNH:1
FNDA:5,_interopRequireDefault
DA:3,1
DA:5,1
DA:7,1
DA:9,1
DA:11,1
DA:13,1
DA:15,1
DA:17,1
DA:19,1
DA:21,1
DA:23,5
DA:25,1
DA:26,1
DA:27,1
DA:30,1
DA:33,1
DA:63,1
LF:17
LH:17
BRDA:23,0,0,0
BRDA:23,0,1,5
BRDA:23,1,0,5
BRDA:23,1,1,5
BRF:4
BRH:3
end_of_record
TN:
SF:/var/www/html/utter/server/dist/config/config.js
FN:11,_interopRequireDefault
FNF:1
FNH:1
FNDA:2,_interopRequireDefault
DA:3,1
DA:5,1
DA:7,1
DA:9,1
DA:11,2
DA:14,1
DA:25,1
DA:28,1
DA:32,1
DA:33,1
DA:34,1
DA:36,0
DA:40,1
LF:13
LH:12
BRDA:11,0,0,1
BRDA:11,0,1,1
BRDA:11,1,0,2
BRDA:11,1,1,2
BRDA:18,2,0,1
BRDA:18,2,1,1
BRDA:21,3,0,1
BRDA:21,3,1,1
BRDA:25,4,0,1
BRDA:25,4,1,1
BRDA:34,5,0,1
BRDA:34,5,1,0
BRDA:40,6,0,1
BRDA:40,6,1,0
BRF:14
BRH:12
end_of_record
TN:
SF:/var/www/html/utter/server/dist/config/development.js
FNF:0
FNH:0
DA:3,1
LF:1
LH:1
BRF:0
BRH:0
end_of_record
TN:
SF:/var/www/html/utter/server/dist/config/pwd.js
FNF:0
FNH:0
DA:3,1
DA:6,1
LF:2
LH:2
BRF:0
BRH:0
end_of_record
TN:
SF:/var/www/html/utter/server/dist/middleware/appMiddleware.js
FN:43,_interopRequireDefault
FN:48,(anonymous_1)
FNF:2
FNH:2
FNDA:10,_interopRequireDefault
FNDA:1,(anonymous_1)
DA:3,1
DA:5,1
DA:7,1
DA:9,1
DA:11,1
DA:13,1
DA:15,1
DA:17,1
DA:19,1
DA:21,1
DA:23,1
DA:25,1
DA:27,1
DA:29,1
DA:31,1
DA:33,1
DA:35,1
DA:37,1
DA:39,1
DA:41,1
DA:43,10
DA:46,1
DA:48,1
DA:49,1
DA:50,1
DA:51,1
DA:52,1
DA:53,1
DA:65,1
LF:29
LH:29
BRDA:43,0,0,0
BRDA:43,0,1,10
BRDA:43,1,0,10
BRDA:43,1,1,10
BRF:4
BRH:3
end_of_record
TN:
SF:/var/www/html/utter/server/dist/middleware/error.js
FN:3,(anonymous_0)
FNF:1
FNH:0
FNDA:0,(anonymous_0)
DA:3,1
DA:4,0
DA:5,0
LF:3
LH:1
BRF:0
BRH:0
end_of_record
TN:
SF:/var/www/html/utter/server/dist/util/createRoutes.js
FN:3,(anonymous_0)
FNF:1
FNH:1
FNDA:4,(anonymous_0)
DA:3,1
DA:4,4
DA:6,4
DA:8,4
LF:4
LH:4
BRF:0
BRH:0
end_of_record
TN:
SF:/var/www/html/utter/server/dist/util/logger.js
FN:3,(anonymous_0)
FN:3,(anonymous_1)
FN:15,_interopRequireDefault
FN:18,noop
FN:42,log
FN:46,(anonymous_5)
FN:62,error
FN:63,(anonymous_7)
FNF:8
FNH:1
FNDA:0,(anonymous_0)
FNDA:0,(anonymous_1)
FNDA:2,_interopRequireDefault
FNDA:0,noop
FNDA:0,log
FNDA:0,(anonymous_5)
FNDA:0,error
FNDA:0,(anonymous_7)
DA:3,1
DA:5,1
DA:7,1
DA:9,1
DA:11,1
DA:13,1
DA:15,2
DA:18,1
DA:21,1
DA:41,1
DA:43,0
DA:46,0
DA:47,0
DA:50,0
DA:51,0
DA:53,0
DA:60,0
DA:63,0
DA:64,0
DA:65,0
DA:66,0
DA:67,0
DA:70,0
DA:74,1
LF:24
LH:11
BRDA:3,0,0,1
BRDA:3,0,1,0
BRDA:3,1,0,1
BRDA:3,1,1,1
BRDA:3,2,0,0
BRDA:3,2,1,0
BRDA:3,3,0,0
BRDA:3,3,1,0
BRDA:3,3,2,0
BRDA:3,3,3,0
BRDA:15,4,0,0
BRDA:15,4,1,2
BRDA:15,5,0,2
BRDA:15,5,1,2
BRDA:21,6,0,1
BRDA:21,6,1,0
BRDA:47,7,0,0
BRDA:47,7,1,0
BRDA:47,8,0,0
BRDA:47,8,1,0
BRDA:64,9,0,0
BRDA:64,9,1,0
BRDA:65,10,0,0
BRDA:65,10,1,0
BRF:24
BRH:7
end_of_record
TN:
SF:/var/www/html/utter/server/dist/util/mail.js
FN:11,_interopRequireDefault
FN:15,(anonymous_1)
FN:31,(anonymous_2)
FNF:3
FNH:1
FNDA:2,_interopRequireDefault
FNDA:0,(anonymous_1)
FNDA:0,(anonymous_2)
DA:3,1
DA:5,1
DA:7,1
DA:9,1
DA:11,2
DA:13,1
DA:15,1
DA:16,0
DA:24,0
DA:31,0
DA:32,0
DA:33,0
DA:35,0
DA:40,1
LF:14
LH:8
BRDA:11,0,0,0
BRDA:11,0,1,2
BRDA:11,1,0,2
BRDA:11,1,1,2
BRDA:32,2,0,0
BRDA:32,2,1,0
BRF:6
BRH:3
end_of_record
